<?xml version="1.0" encoding="UTF-8"?>
<coverage generated="1700508976278" clover="3.2.0">
  <project timestamp="1700508976278" name="All files">
    <metrics statements="341" coveredstatements="297" conditionals="159" coveredconditionals="101" methods="162" coveredmethods="140" elements="662" coveredelements="538" complexity="0" loc="341" ncloc="341" packages="1" files="12" classes="12"/>
    <file name="app.ts" path="/Users/ahmednawab/Desktop/webut/gruppe9/server/src/app.ts">
      <metrics statements="7" coveredstatements="7" conditionals="0" coveredconditionals="0" methods="0" coveredmethods="0"/>
      <line num="11" count="5" type="stmt"/>
      <line num="13" count="5" type="stmt"/>
      <line num="16" count="5" type="stmt"/>
      <line num="17" count="5" type="stmt"/>
      <line num="18" count="5" type="stmt"/>
      <line num="19" count="5" type="stmt"/>
      <line num="20" count="5" type="stmt"/>
    </file>
    <file name="favoritt-router.ts" path="/Users/ahmednawab/Desktop/webut/gruppe9/server/src/favoritt-router.ts">
      <metrics statements="18" coveredstatements="17" conditionals="4" coveredconditionals="3" methods="9" coveredmethods="8"/>
      <line num="8" count="5" type="stmt"/>
      <line num="11" count="5" type="stmt"/>
      <line num="12" count="1" type="stmt"/>
      <line num="13" count="1" type="stmt"/>
      <line num="14" count="0" type="stmt"/>
      <line num="18" count="5" type="stmt"/>
      <line num="19" count="3" type="stmt"/>
      <line num="20" count="3" type="stmt"/>
      <line num="21" count="1" type="stmt"/>
      <line num="23" count="2" type="cond" truecount="2" falsecount="0"/>
      <line num="24" count="1" type="stmt"/>
      <line num="25" count="1" type="cond" truecount="1" falsecount="1"/>
      <line num="26" count="1" type="stmt"/>
      <line num="32" count="5" type="stmt"/>
      <line num="33" count="2" type="stmt"/>
      <line num="34" count="2" type="stmt"/>
      <line num="35" count="1" type="stmt"/>
      <line num="37" count="1" type="stmt"/>
    </file>
    <file name="favoritt-service.ts" path="/Users/ahmednawab/Desktop/webut/gruppe9/server/src/favoritt-service.ts">
      <metrics statements="25" coveredstatements="24" conditionals="16" coveredconditionals="11" methods="12" coveredmethods="12"/>
      <line num="10" count="1" type="stmt"/>
      <line num="11" count="1" type="stmt"/>
      <line num="15" count="1" type="cond" truecount="1" falsecount="1"/>
      <line num="17" count="1" type="stmt"/>
      <line num="18" count="2" type="stmt"/>
      <line num="23" count="1" type="stmt"/>
      <line num="42" count="15" type="stmt"/>
      <line num="43" count="15" type="stmt"/>
      <line num="47" count="15" type="cond" truecount="1" falsecount="1"/>
      <line num="48" count="15" type="cond" truecount="2" falsecount="0"/>
      <line num="49" count="1" type="stmt"/>
      <line num="51" count="14" type="stmt"/>
      <line num="55" count="14" type="cond" truecount="1" falsecount="1"/>
      <line num="56" count="14" type="cond" truecount="2" falsecount="0"/>
      <line num="57" count="1" type="stmt"/>
      <line num="59" count="13" type="stmt"/>
      <line num="63" count="13" type="cond" truecount="1" falsecount="1"/>
      <line num="64" count="0" type="stmt"/>
      <line num="66" count="13" type="stmt"/>
      <line num="84" count="2" type="stmt"/>
      <line num="85" count="2" type="stmt"/>
      <line num="89" count="2" type="cond" truecount="1" falsecount="1"/>
      <line num="90" count="2" type="cond" truecount="2" falsecount="0"/>
      <line num="92" count="2" type="stmt"/>
      <line num="99" count="5" type="stmt"/>
    </file>
    <file name="mysql-pool.ts" path="/Users/ahmednawab/Desktop/webut/gruppe9/server/src/mysql-pool.ts">
      <metrics statements="2" coveredstatements="2" conditionals="4" coveredconditionals="4" methods="1" coveredmethods="1"/>
      <line num="10" count="5" type="stmt"/>
      <line num="19" count="407" type="cond" truecount="4" falsecount="0"/>
    </file>
    <file name="sporsmal-router.ts" path="/Users/ahmednawab/Desktop/webut/gruppe9/server/src/sporsmal-router.ts">
      <metrics statements="33" coveredstatements="26" conditionals="15" coveredconditionals="13" methods="15" coveredmethods="10"/>
      <line num="7" count="5" type="stmt"/>
      <line num="9" count="5" type="stmt"/>
      <line num="10" count="1" type="stmt"/>
      <line num="12" count="1" type="stmt"/>
      <line num="13" count="0" type="stmt"/>
      <line num="16" count="5" type="stmt"/>
      <line num="17" count="2" type="stmt"/>
      <line num="18" count="2" type="stmt"/>
      <line num="21" count="2" type="cond" truecount="2" falsecount="0"/>
      <line num="25" count="0" type="stmt"/>
      <line num="30" count="5" type="stmt"/>
      <line num="31" count="1" type="stmt"/>
      <line num="32" count="1" type="stmt"/>
      <line num="33" count="1" type="stmt"/>
      <line num="34" count="1" type="stmt"/>
      <line num="35" count="1" type="stmt"/>
      <line num="36" count="1" type="cond" truecount="4" falsecount="1"/>
      <line num="37" count="1" type="stmt"/>
      <line num="39" count="1" type="stmt"/>
      <line num="41" count="0" type="stmt"/>
      <line num="43" count="0" type="stmt"/>
      <line num="46" count="5" type="stmt"/>
      <line num="47" count="1" type="stmt"/>
      <line num="48" count="1" type="stmt"/>
      <line num="49" count="1" type="cond" truecount="1" falsecount="1"/>
      <line num="57" count="1" type="stmt"/>
      <line num="59" count="1" type="stmt"/>
      <line num="60" count="0" type="stmt"/>
      <line num="61" count="0" type="stmt"/>
      <line num="64" count="5" type="stmt"/>
      <line num="65" count="1" type="stmt"/>
      <line num="67" count="1" type="stmt"/>
      <line num="68" count="0" type="stmt"/>
    </file>
    <file name="sporsmal-service.ts" path="/Users/ahmednawab/Desktop/webut/gruppe9/server/src/sporsmal-service.ts">
      <metrics statements="39" coveredstatements="33" conditionals="22" coveredconditionals="9" methods="18" coveredmethods="17"/>
      <line num="23" count="2" type="stmt"/>
      <line num="24" count="2" type="stmt"/>
      <line num="28" count="2" type="cond" truecount="1" falsecount="1"/>
      <line num="30" count="2" type="stmt"/>
      <line num="31" count="1" type="stmt"/>
      <line num="38" count="2" type="stmt"/>
      <line num="47" count="1" type="stmt"/>
      <line num="48" count="1" type="stmt"/>
      <line num="52" count="1" type="cond" truecount="1" falsecount="1"/>
      <line num="54" count="1" type="stmt"/>
      <line num="55" count="4" type="stmt"/>
      <line num="62" count="1" type="stmt"/>
      <line num="92" count="25" type="stmt"/>
      <line num="93" count="25" type="stmt"/>
      <line num="95" count="25" type="stmt"/>
      <line num="96" count="25" type="stmt"/>
      <line num="108" count="25" type="cond" truecount="1" falsecount="1"/>
      <line num="109" count="0" type="stmt"/>
      <line num="111" count="25" type="stmt"/>
      <line num="121" count="1" type="cond" truecount="1" falsecount="1"/>
      <line num="125" count="1" type="stmt"/>
      <line num="127" count="1" type="stmt"/>
      <line num="138" count="1" type="cond" truecount="1" falsecount="1"/>
      <line num="139" count="1" type="cond" truecount="1" falsecount="1"/>
      <line num="140" count="0" type="stmt"/>
      <line num="143" count="1" type="cond" truecount="1" falsecount="1"/>
      <line num="144" count="0" type="stmt"/>
      <line num="148" count="0" type="cond" truecount="0" falsecount="2"/>
      <line num="149" count="0" type="cond" truecount="0" falsecount="2"/>
      <line num="150" count="0" type="stmt"/>
      <line num="155" count="1" type="stmt"/>
      <line num="167" count="1" type="stmt"/>
      <line num="168" count="1" type="stmt"/>
      <line num="172" count="1" type="cond" truecount="1" falsecount="1"/>
      <line num="173" count="1" type="cond" truecount="1" falsecount="1"/>
      <line num="175" count="1" type="stmt"/>
      <line num="176" count="1" type="stmt"/>
      <line num="178" count="1" type="stmt"/>
      <line num="185" count="5" type="stmt"/>
    </file>
    <file name="sporsmalTag-router.ts" path="/Users/ahmednawab/Desktop/webut/gruppe9/server/src/sporsmalTag-router.ts">
      <metrics statements="30" coveredstatements="23" conditionals="6" coveredconditionals="2" methods="12" coveredmethods="9"/>
      <line num="9" count="5" type="stmt"/>
      <line num="12" count="5" type="stmt"/>
      <line num="13" count="1" type="stmt"/>
      <line num="14" count="1" type="stmt"/>
      <line num="15" count="1" type="stmt"/>
      <line num="16" count="0" type="stmt"/>
      <line num="19" count="5" type="stmt"/>
      <line num="20" count="1" type="stmt"/>
      <line num="21" count="1" type="stmt"/>
      <line num="22" count="1" type="stmt"/>
      <line num="23" count="0" type="stmt"/>
      <line num="28" count="5" type="stmt"/>
      <line num="29" count="2" type="stmt"/>
      <line num="30" count="2" type="stmt"/>
      <line num="31" count="1" type="stmt"/>
      <line num="33" count="1" type="cond" truecount="1" falsecount="1"/>
      <line num="34" count="0" type="stmt"/>
      <line num="35" count="1" type="cond" truecount="1" falsecount="1"/>
      <line num="36" count="1" type="stmt"/>
      <line num="37" count="0" type="cond" truecount="0" falsecount="2"/>
      <line num="38" count="0" type="stmt"/>
      <line num="40" count="0" type="stmt"/>
      <line num="46" count="5" type="stmt"/>
      <line num="47" count="1" type="stmt"/>
      <line num="48" count="1" type="stmt"/>
      <line num="49" count="1" type="stmt"/>
      <line num="50" count="1" type="stmt"/>
      <line num="51" count="1" type="stmt"/>
      <line num="52" count="1" type="stmt"/>
      <line num="53" count="0" type="stmt"/>
    </file>
    <file name="sporsmalTag-service.ts" path="/Users/ahmednawab/Desktop/webut/gruppe9/server/src/sporsmalTag-service.ts">
      <metrics statements="32" coveredstatements="31" conditionals="22" coveredconditionals="13" methods="17" coveredmethods="17"/>
      <line num="17" count="1" type="stmt"/>
      <line num="18" count="1" type="stmt"/>
      <line num="22" count="1" type="cond" truecount="1" falsecount="1"/>
      <line num="24" count="1" type="stmt"/>
      <line num="25" count="3" type="stmt"/>
      <line num="30" count="1" type="stmt"/>
      <line num="40" count="1" type="stmt"/>
      <line num="41" count="1" type="stmt"/>
      <line num="45" count="1" type="cond" truecount="1" falsecount="1"/>
      <line num="47" count="1" type="stmt"/>
      <line num="48" count="1" type="stmt"/>
      <line num="53" count="1" type="stmt"/>
      <line num="65" count="17" type="stmt"/>
      <line num="67" count="17" type="stmt"/>
      <line num="71" count="17" type="cond" truecount="1" falsecount="1"/>
      <line num="72" count="17" type="cond" truecount="1" falsecount="1"/>
      <line num="77" count="17" type="stmt"/>
      <line num="81" count="17" type="cond" truecount="1" falsecount="1"/>
      <line num="82" count="17" type="cond" truecount="2" falsecount="0"/>
      <line num="85" count="17" type="stmt"/>
      <line num="89" count="17" type="cond" truecount="1" falsecount="1"/>
      <line num="90" count="17" type="cond" truecount="2" falsecount="0"/>
      <line num="94" count="17" type="stmt"/>
      <line num="98" count="17" type="cond" truecount="1" falsecount="1"/>
      <line num="99" count="0" type="stmt"/>
      <line num="101" count="17" type="stmt"/>
      <line num="113" count="1" type="stmt"/>
      <line num="114" count="1" type="stmt"/>
      <line num="118" count="1" type="cond" truecount="1" falsecount="1"/>
      <line num="119" count="1" type="cond" truecount="1" falsecount="1"/>
      <line num="121" count="1" type="stmt"/>
      <line num="128" count="5" type="stmt"/>
    </file>
    <file name="svar-router.ts" path="/Users/ahmednawab/Desktop/webut/gruppe9/server/src/svar-router.ts">
      <metrics statements="37" coveredstatements="29" conditionals="16" coveredconditionals="13" methods="15" coveredmethods="10"/>
      <line num="7" count="5" type="stmt"/>
      <line num="9" count="5" type="stmt"/>
      <line num="10" count="1" type="stmt"/>
      <line num="11" count="1" type="stmt"/>
      <line num="13" count="1" type="stmt"/>
      <line num="14" count="0" type="stmt"/>
      <line num="17" count="5" type="stmt"/>
      <line num="18" count="2" type="stmt"/>
      <line num="19" count="2" type="stmt"/>
      <line num="20" count="2" type="stmt"/>
      <line num="23" count="2" type="cond" truecount="2" falsecount="0"/>
      <line num="27" count="0" type="stmt"/>
      <line num="32" count="5" type="stmt"/>
      <line num="33" count="1" type="cond" truecount="1" falsecount="1"/>
      <line num="34" count="0" type="stmt"/>
      <line num="35" count="1" type="stmt"/>
      <line num="36" count="1" type="stmt"/>
      <line num="37" count="1" type="stmt"/>
      <line num="38" count="1" type="stmt"/>
      <line num="39" count="1" type="cond" truecount="4" falsecount="1"/>
      <line num="40" count="1" type="stmt"/>
      <line num="42" count="1" type="stmt"/>
      <line num="44" count="0" type="stmt"/>
      <line num="46" count="0" type="stmt"/>
      <line num="49" count="5" type="stmt"/>
      <line num="50" count="1" type="stmt"/>
      <line num="51" count="1" type="stmt"/>
      <line num="52" count="1" type="cond" truecount="1" falsecount="1"/>
      <line num="59" count="1" type="stmt"/>
      <line num="61" count="1" type="stmt"/>
      <line num="62" count="0" type="stmt"/>
      <line num="63" count="0" type="stmt"/>
      <line num="66" count="5" type="stmt"/>
      <line num="67" count="2" type="stmt"/>
      <line num="68" count="2" type="stmt"/>
      <line num="70" count="2" type="stmt"/>
      <line num="71" count="0" type="stmt"/>
    </file>
    <file name="svar-service.ts" path="/Users/ahmednawab/Desktop/webut/gruppe9/server/src/svar-service.ts">
      <metrics statements="64" coveredstatements="58" conditionals="38" coveredconditionals="24" methods="31" coveredmethods="29"/>
      <line num="21" count="2" type="stmt"/>
      <line num="22" count="2" type="stmt"/>
      <line num="26" count="2" type="cond" truecount="1" falsecount="1"/>
      <line num="28" count="2" type="stmt"/>
      <line num="29" count="1" type="stmt"/>
      <line num="36" count="2" type="stmt"/>
      <line num="46" count="1" type="stmt"/>
      <line num="47" count="1" type="stmt"/>
      <line num="51" count="1" type="cond" truecount="1" falsecount="1"/>
      <line num="53" count="1" type="stmt"/>
      <line num="54" count="2" type="stmt"/>
      <line num="61" count="1" type="stmt"/>
      <line num="73" count="31" type="stmt"/>
      <line num="74" count="31" type="stmt"/>
      <line num="76" count="31" type="stmt"/>
      <line num="77" count="31" type="stmt"/>
      <line num="89" count="31" type="cond" truecount="1" falsecount="1"/>
      <line num="90" count="0" type="stmt"/>
      <line num="96" count="31" type="stmt"/>
      <line num="100" count="31" type="cond" truecount="1" falsecount="1"/>
      <line num="101" count="0" type="stmt"/>
      <line num="103" count="31" type="cond" truecount="2" falsecount="0"/>
      <line num="104" count="7" type="stmt"/>
      <line num="108" count="31" type="stmt"/>
      <line num="118" count="1" type="cond" truecount="1" falsecount="1"/>
      <line num="121" count="1" type="stmt"/>
      <line num="125" count="1" type="stmt"/>
      <line num="129" count="1" type="cond" truecount="1" falsecount="1"/>
      <line num="130" count="1" type="cond" truecount="1" falsecount="1"/>
      <line num="131" count="0" type="stmt"/>
      <line num="133" count="1" type="stmt"/>
      <line num="143" count="3" type="stmt"/>
      <line num="156" count="3" type="cond" truecount="2" falsecount="0"/>
      <line num="157" count="1" type="stmt"/>
      <line num="161" count="1" type="cond" truecount="1" falsecount="1"/>
      <line num="162" count="1" type="stmt"/>
      <line num="168" count="3" type="stmt"/>
      <line num="172" count="3" type="cond" truecount="1" falsecount="1"/>
      <line num="173" count="3" type="cond" truecount="2" falsecount="0"/>
      <line num="174" count="2" type="stmt"/>
      <line num="178" count="2" type="cond" truecount="2" falsecount="0"/>
      <line num="179" count="1" type="stmt"/>
      <line num="190" count="4" type="stmt"/>
      <line num="192" count="4" type="stmt"/>
      <line num="196" count="3" type="cond" truecount="1" falsecount="1"/>
      <line num="198" count="3" type="stmt"/>
      <line num="199" count="1" type="stmt"/>
      <line num="201" count="3" type="stmt"/>
      <line num="204" count="3" type="stmt"/>
      <line num="208" count="3" type="cond" truecount="1" falsecount="1"/>
      <line num="209" count="3" type="stmt"/>
      <line num="213" count="0" type="stmt"/>
      <line num="219" count="3" type="stmt"/>
      <line num="222" count="2" type="stmt"/>
      <line num="226" count="2" type="cond" truecount="1" falsecount="1"/>
      <line num="227" count="2" type="cond" truecount="1" falsecount="1"/>
      <line num="228" count="2" type="stmt"/>
      <line num="232" count="2" type="cond" truecount="2" falsecount="0"/>
      <line num="233" count="1" type="stmt"/>
      <line num="235" count="1" type="cond" truecount="1" falsecount="1"/>
      <line num="236" count="0" type="stmt"/>
      <line num="243" count="2" type="stmt"/>
      <line num="245" count="0" type="stmt"/>
      <line num="250" count="5" type="stmt"/>
    </file>
    <file name="tag-router.ts" path="/Users/ahmednawab/Desktop/webut/gruppe9/server/src/tag-router.ts">
      <metrics statements="24" coveredstatements="19" conditionals="2" coveredconditionals="2" methods="15" coveredmethods="10"/>
      <line num="7" count="5" type="stmt"/>
      <line num="9" count="5" type="stmt"/>
      <line num="10" count="1" type="stmt"/>
      <line num="12" count="1" type="stmt"/>
      <line num="13" count="0" type="stmt"/>
      <line num="16" count="5" type="stmt"/>
      <line num="17" count="2" type="stmt"/>
      <line num="18" count="2" type="stmt"/>
      <line num="21" count="2" type="cond" truecount="2" falsecount="0"/>
      <line num="25" count="0" type="stmt"/>
      <line num="30" count="5" type="stmt"/>
      <line num="31" count="1" type="stmt"/>
      <line num="32" count="1" type="stmt"/>
      <line num="34" count="1" type="stmt"/>
      <line num="36" count="0" type="stmt"/>
      <line num="41" count="5" type="stmt"/>
      <line num="42" count="1" type="stmt"/>
      <line num="43" count="1" type="stmt"/>
      <line num="45" count="1" type="stmt"/>
      <line num="46" count="0" type="stmt"/>
      <line num="50" count="5" type="stmt"/>
      <line num="51" count="1" type="stmt"/>
      <line num="53" count="1" type="stmt"/>
      <line num="54" count="0" type="stmt"/>
    </file>
    <file name="tag-service.ts" path="/Users/ahmednawab/Desktop/webut/gruppe9/server/src/tag-service.ts">
      <metrics statements="30" coveredstatements="28" conditionals="14" coveredconditionals="7" methods="17" coveredmethods="17"/>
      <line num="16" count="2" type="stmt"/>
      <line num="17" count="2" type="stmt"/>
      <line num="21" count="2" type="cond" truecount="1" falsecount="1"/>
      <line num="23" count="2" type="stmt"/>
      <line num="24" count="1" type="stmt"/>
      <line num="29" count="2" type="stmt"/>
      <line num="38" count="1" type="stmt"/>
      <line num="39" count="1" type="stmt"/>
      <line num="43" count="1" type="cond" truecount="1" falsecount="1"/>
      <line num="45" count="1" type="stmt"/>
      <line num="46" count="4" type="stmt"/>
      <line num="51" count="1" type="stmt"/>
      <line num="63" count="25" type="stmt"/>
      <line num="64" count="25" type="stmt"/>
      <line num="68" count="25" type="cond" truecount="1" falsecount="1"/>
      <line num="69" count="0" type="stmt"/>
      <line num="71" count="25" type="stmt"/>
      <line num="81" count="1" type="stmt"/>
      <line num="83" count="1" type="stmt"/>
      <line num="87" count="1" type="cond" truecount="1" falsecount="1"/>
      <line num="88" count="1" type="cond" truecount="1" falsecount="1"/>
      <line num="89" count="0" type="stmt"/>
      <line num="91" count="1" type="stmt"/>
      <line num="103" count="1" type="stmt"/>
      <line num="104" count="1" type="stmt"/>
      <line num="108" count="1" type="cond" truecount="1" falsecount="1"/>
      <line num="109" count="1" type="cond" truecount="1" falsecount="1"/>
      <line num="111" count="1" type="stmt"/>
      <line num="113" count="1" type="stmt"/>
      <line num="120" count="5" type="stmt"/>
    </file>
  </project>
</coverage>
