<?xml version="1.0" encoding="UTF-8"?>
<coverage generated="1699194428724" clover="3.2.0">
  <project timestamp="1699194428724" name="All files">
    <metrics statements="133" coveredstatements="117" conditionals="64" coveredconditionals="45" methods="66" coveredmethods="56" elements="263" coveredelements="218" complexity="0" loc="133" ncloc="133" packages="1" files="6" classes="6"/>
    <file name="app.ts" path="C:\Users\ruben\OneDrive\Dokumenter\AA NTNU\INFT2002\prosjektoppgave\gruppe9\server\src\app.ts">
      <metrics statements="4" coveredstatements="4" conditionals="0" coveredconditionals="0" methods="0" coveredmethods="0"/>
      <line num="8" count="2" type="stmt"/>
      <line num="10" count="2" type="stmt"/>
      <line num="13" count="2" type="stmt"/>
      <line num="14" count="2" type="stmt"/>
    </file>
    <file name="mysql-pool.ts" path="C:\Users\ruben\OneDrive\Dokumenter\AA NTNU\INFT2002\prosjektoppgave\gruppe9\server\src\mysql-pool.ts">
      <metrics statements="2" coveredstatements="2" conditionals="4" coveredconditionals="4" methods="1" coveredmethods="1"/>
      <line num="10" count="2" type="stmt"/>
      <line num="19" count="51" type="cond" truecount="4" falsecount="0"/>
    </file>
    <file name="sporsmal-router.ts" path="C:\Users\ruben\OneDrive\Dokumenter\AA NTNU\INFT2002\prosjektoppgave\gruppe9\server\src\sporsmal-router.ts">
      <metrics statements="30" coveredstatements="23" conditionals="15" coveredconditionals="13" methods="15" coveredmethods="10"/>
      <line num="7" count="2" type="stmt"/>
      <line num="9" count="2" type="stmt"/>
      <line num="10" count="1" type="stmt"/>
      <line num="12" count="1" type="stmt"/>
      <line num="13" count="0" type="stmt"/>
      <line num="16" count="2" type="stmt"/>
      <line num="17" count="2" type="stmt"/>
      <line num="18" count="2" type="stmt"/>
      <line num="20" count="2" type="cond" truecount="2" falsecount="0"/>
      <line num="21" count="0" type="stmt"/>
      <line num="26" count="2" type="stmt"/>
      <line num="27" count="1" type="stmt"/>
      <line num="28" count="1" type="stmt"/>
      <line num="29" count="1" type="stmt"/>
      <line num="30" count="1" type="cond" truecount="4" falsecount="1"/>
      <line num="31" count="1" type="stmt"/>
      <line num="33" count="1" type="stmt"/>
      <line num="34" count="0" type="stmt"/>
      <line num="35" count="0" type="stmt"/>
      <line num="38" count="2" type="stmt"/>
      <line num="39" count="1" type="stmt"/>
      <line num="40" count="1" type="cond" truecount="1" falsecount="1"/>
      <line num="48" count="1" type="stmt"/>
      <line num="50" count="1" type="stmt"/>
      <line num="51" count="0" type="stmt"/>
      <line num="52" count="0" type="stmt"/>
      <line num="55" count="2" type="stmt"/>
      <line num="56" count="1" type="stmt"/>
      <line num="58" count="1" type="stmt"/>
      <line num="59" count="0" type="stmt"/>
    </file>
    <file name="sporsmal-service.ts" path="C:\Users\ruben\OneDrive\Dokumenter\AA NTNU\INFT2002\prosjektoppgave\gruppe9\server\src\sporsmal-service.ts">
      <metrics statements="32" coveredstatements="31" conditionals="14" coveredconditionals="7" methods="18" coveredmethods="18"/>
      <line num="19" count="2" type="stmt"/>
      <line num="20" count="2" type="stmt"/>
      <line num="21" count="2" type="cond" truecount="1" falsecount="1"/>
      <line num="23" count="2" type="stmt"/>
      <line num="24" count="1" type="stmt"/>
      <line num="31" count="2" type="stmt"/>
      <line num="40" count="1" type="stmt"/>
      <line num="41" count="1" type="stmt"/>
      <line num="42" count="1" type="cond" truecount="1" falsecount="1"/>
      <line num="44" count="1" type="stmt"/>
      <line num="45" count="3" type="stmt"/>
      <line num="52" count="1" type="stmt"/>
      <line num="63" count="19" type="stmt"/>
      <line num="64" count="19" type="stmt"/>
      <line num="66" count="19" type="stmt"/>
      <line num="67" count="19" type="stmt"/>
      <line num="68" count="19" type="cond" truecount="1" falsecount="1"/>
      <line num="69" count="0" type="stmt"/>
      <line num="71" count="19" type="stmt"/>
      <line num="80" count="1" type="stmt"/>
      <line num="81" count="1" type="stmt"/>
      <line num="83" count="1" type="stmt"/>
      <line num="84" count="1" type="cond" truecount="1" falsecount="1"/>
      <line num="85" count="1" type="cond" truecount="1" falsecount="1"/>
      <line num="87" count="1" type="stmt"/>
      <line num="98" count="1" type="stmt"/>
      <line num="99" count="1" type="stmt"/>
      <line num="100" count="1" type="cond" truecount="1" falsecount="1"/>
      <line num="101" count="1" type="cond" truecount="1" falsecount="1"/>
      <line num="103" count="1" type="stmt"/>
      <line num="105" count="1" type="stmt"/>
      <line num="111" count="2" type="stmt"/>
    </file>
    <file name="svar-router.ts" path="C:\Users\ruben\OneDrive\Dokumenter\AA NTNU\INFT2002\prosjektoppgave\gruppe9\server\src\svar-router.ts">
      <metrics statements="34" coveredstatements="27" conditionals="17" coveredconditionals="14" methods="15" coveredmethods="10"/>
      <line num="7" count="2" type="stmt"/>
      <line num="9" count="2" type="stmt"/>
      <line num="10" count="1" type="stmt"/>
      <line num="11" count="1" type="stmt"/>
      <line num="13" count="1" type="stmt"/>
      <line num="14" count="0" type="stmt"/>
      <line num="17" count="2" type="stmt"/>
      <line num="18" count="2" type="stmt"/>
      <line num="19" count="2" type="stmt"/>
      <line num="20" count="2" type="stmt"/>
      <line num="22" count="2" type="cond" truecount="2" falsecount="0"/>
      <line num="23" count="0" type="stmt"/>
      <line num="28" count="2" type="stmt"/>
      <line num="29" count="1" type="cond" truecount="1" falsecount="1"/>
      <line num="30" count="1" type="stmt"/>
      <line num="31" count="1" type="stmt"/>
      <line num="32" count="1" type="stmt"/>
      <line num="33" count="1" type="cond" truecount="4" falsecount="1"/>
      <line num="34" count="1" type="stmt"/>
      <line num="36" count="1" type="stmt"/>
      <line num="37" count="0" type="stmt"/>
      <line num="38" count="0" type="stmt"/>
      <line num="41" count="2" type="stmt"/>
      <line num="42" count="1" type="stmt"/>
      <line num="43" count="1" type="cond" truecount="1" falsecount="1"/>
      <line num="51" count="1" type="stmt"/>
      <line num="53" count="1" type="stmt"/>
      <line num="54" count="0" type="stmt"/>
      <line num="55" count="0" type="stmt"/>
      <line num="58" count="2" type="stmt"/>
      <line num="59" count="1" type="stmt"/>
      <line num="60" count="1" type="stmt"/>
      <line num="62" count="1" type="stmt"/>
      <line num="63" count="0" type="stmt"/>
    </file>
    <file name="svar-service.ts" path="C:\Users\ruben\OneDrive\Dokumenter\AA NTNU\INFT2002\prosjektoppgave\gruppe9\server\src\svar-service.ts">
      <metrics statements="31" coveredstatements="30" conditionals="14" coveredconditionals="7" methods="17" coveredmethods="17"/>
      <line num="22" count="2" type="stmt"/>
      <line num="23" count="2" type="stmt"/>
      <line num="24" count="2" type="cond" truecount="1" falsecount="1"/>
      <line num="26" count="2" type="stmt"/>
      <line num="27" count="1" type="stmt"/>
      <line num="34" count="2" type="stmt"/>
      <line num="43" count="1" type="stmt"/>
      <line num="44" count="1" type="stmt"/>
      <line num="45" count="1" type="cond" truecount="1" falsecount="1"/>
      <line num="47" count="1" type="stmt"/>
      <line num="48" count="2" type="stmt"/>
      <line num="55" count="1" type="stmt"/>
      <line num="66" count="25" type="stmt"/>
      <line num="67" count="25" type="stmt"/>
      <line num="69" count="25" type="stmt"/>
      <line num="70" count="25" type="stmt"/>
      <line num="71" count="25" type="cond" truecount="1" falsecount="1"/>
      <line num="72" count="0" type="stmt"/>
      <line num="74" count="25" type="stmt"/>
      <line num="83" count="1" type="stmt"/>
      <line num="84" count="1" type="stmt"/>
      <line num="88" count="1" type="stmt"/>
      <line num="89" count="1" type="cond" truecount="1" falsecount="1"/>
      <line num="90" count="1" type="cond" truecount="1" falsecount="1"/>
      <line num="92" count="1" type="stmt"/>
      <line num="101" count="1" type="stmt"/>
      <line num="102" count="1" type="stmt"/>
      <line num="103" count="1" type="cond" truecount="1" falsecount="1"/>
      <line num="104" count="1" type="cond" truecount="1" falsecount="1"/>
      <line num="106" count="1" type="stmt"/>
      <line num="112" count="2" type="stmt"/>
    </file>
  </project>
</coverage>
