{"C:\\Users\\ruben\\OneDrive\\Dokumenter\\AA NTNU\\INFT2002\\prosjektoppgave\\gruppe9\\server\\src\\app.ts": {"path":"C:\\Users\\ruben\\OneDrive\\Dokumenter\\AA NTNU\\INFT2002\\prosjektoppgave\\gruppe9\\server\\src\\app.ts","statementMap":{"0":{"start":{"line":11,"column":12},"end":{"line":11,"column":21}},"1":{"start":{"line":13,"column":0},"end":{"line":13,"column":24}},"2":{"start":{"line":16,"column":0},"end":{"line":16,"column":35}},"3":{"start":{"line":17,"column":0},"end":{"line":17,"column":31}},"4":{"start":{"line":18,"column":0},"end":{"line":18,"column":30}},"5":{"start":{"line":19,"column":0},"end":{"line":19,"column":38}},"6":{"start":{"line":20,"column":0},"end":{"line":20,"column":35}}},"fnMap":{},"branchMap":{},"s":{"0":5,"1":5,"2":5,"3":5,"4":5,"5":5,"6":5},"f":{},"b":{},"_coverageSchema":"1a1c01bbd47fc00a2c39e90264f33305004495a9","hash":"7fcf347ea5e70a716d81520bc58dc57266063fe8"}
,"C:\\Users\\ruben\\OneDrive\\Dokumenter\\AA NTNU\\INFT2002\\prosjektoppgave\\gruppe9\\server\\src\\favoritt-router.ts": {"path":"C:\\Users\\ruben\\OneDrive\\Dokumenter\\AA NTNU\\INFT2002\\prosjektoppgave\\gruppe9\\server\\src\\favoritt-router.ts","statementMap":{"0":{"start":{"line":8,"column":15},"end":{"line":8,"column":31}},"1":{"start":{"line":11,"column":0},"end":{"line":15,"column":3}},"2":{"start":{"line":12,"column":1},"end":{"line":14,"column":59}},"3":{"start":{"line":13,"column":26},"end":{"line":13,"column":45}},"4":{"start":{"line":14,"column":25},"end":{"line":14,"column":57}},"5":{"start":{"line":18,"column":0},"end":{"line":30,"column":3}},"6":{"start":{"line":19,"column":24},"end":{"line":19,"column":53}},"7":{"start":{"line":20,"column":1},"end":{"line":28,"column":5}},"8":{"start":{"line":21,"column":16},"end":{"line":21,"column":41}},"9":{"start":{"line":23,"column":3},"end":{"line":27,"column":4}},"10":{"start":{"line":24,"column":4},"end":{"line":24,"column":73}},"11":{"start":{"line":25,"column":10},"end":{"line":27,"column":4}},"12":{"start":{"line":26,"column":4},"end":{"line":26,"column":68}},"13":{"start":{"line":32,"column":0},"end":{"line":39,"column":3}},"14":{"start":{"line":33,"column":16},"end":{"line":33,"column":45}},"15":{"start":{"line":34,"column":1},"end":{"line":38,"column":5}},"16":{"start":{"line":35,"column":14},"end":{"line":35,"column":29}},"17":{"start":{"line":37,"column":3},"end":{"line":37,"column":50}}},"fnMap":{"0":{"name":"(anonymous_0)","decl":{"start":{"line":11,"column":24},"end":{"line":11,"column":25}},"loc":{"start":{"line":11,"column":48},"end":{"line":15,"column":1}},"line":11},"1":{"name":"(anonymous_1)","decl":{"start":{"line":13,"column":8},"end":{"line":13,"column":9}},"loc":{"start":{"line":13,"column":26},"end":{"line":13,"column":45}},"line":13},"2":{"name":"(anonymous_2)","decl":{"start":{"line":14,"column":9},"end":{"line":14,"column":10}},"loc":{"start":{"line":14,"column":25},"end":{"line":14,"column":57}},"line":14},"3":{"name":"(anonymous_3)","decl":{"start":{"line":18,"column":33},"end":{"line":18,"column":34}},"loc":{"start":{"line":18,"column":56},"end":{"line":30,"column":1}},"line":18},"4":{"name":"(anonymous_4)","decl":{"start":{"line":21,"column":8},"end":{"line":21,"column":9}},"loc":{"start":{"line":21,"column":16},"end":{"line":21,"column":41}},"line":21},"5":{"name":"(anonymous_5)","decl":{"start":{"line":22,"column":9},"end":{"line":22,"column":10}},"loc":{"start":{"line":22,"column":25},"end":{"line":28,"column":3}},"line":22},"6":{"name":"(anonymous_6)","decl":{"start":{"line":32,"column":35},"end":{"line":32,"column":36}},"loc":{"start":{"line":32,"column":58},"end":{"line":39,"column":1}},"line":32},"7":{"name":"(anonymous_7)","decl":{"start":{"line":35,"column":8},"end":{"line":35,"column":9}},"loc":{"start":{"line":35,"column":14},"end":{"line":35,"column":29}},"line":35},"8":{"name":"(anonymous_8)","decl":{"start":{"line":36,"column":9},"end":{"line":36,"column":10}},"loc":{"start":{"line":36,"column":20},"end":{"line":38,"column":3}},"line":36}},"branchMap":{"0":{"loc":{"start":{"line":23,"column":3},"end":{"line":27,"column":4}},"type":"if","locations":[{"start":{"line":23,"column":3},"end":{"line":27,"column":4}},{"start":{"line":25,"column":10},"end":{"line":27,"column":4}}],"line":23},"1":{"loc":{"start":{"line":25,"column":10},"end":{"line":27,"column":4}},"type":"if","locations":[{"start":{"line":25,"column":10},"end":{"line":27,"column":4}},{"start":{},"end":{}}],"line":25}},"s":{"0":5,"1":5,"2":1,"3":1,"4":0,"5":5,"6":3,"7":3,"8":1,"9":2,"10":1,"11":1,"12":1,"13":5,"14":2,"15":2,"16":1,"17":1},"f":{"0":1,"1":1,"2":0,"3":3,"4":1,"5":2,"6":2,"7":1,"8":1},"b":{"0":[1,1],"1":[1,0]},"_coverageSchema":"1a1c01bbd47fc00a2c39e90264f33305004495a9","hash":"7ad93de28be65424a93ff53c67e57e09582b445a"}
,"C:\\Users\\ruben\\OneDrive\\Dokumenter\\AA NTNU\\INFT2002\\prosjektoppgave\\gruppe9\\server\\src\\favoritt-service.ts": {"path":"C:\\Users\\ruben\\OneDrive\\Dokumenter\\AA NTNU\\INFT2002\\prosjektoppgave\\gruppe9\\server\\src\\favoritt-service.ts","statementMap":{"0":{"start":{"line":10,"column":2},"end":{"line":26,"column":5}},"1":{"start":{"line":11,"column":3},"end":{"line":25,"column":5}},"2":{"start":{"line":15,"column":5},"end":{"line":15,"column":37}},"3":{"start":{"line":15,"column":16},"end":{"line":15,"column":37}},"4":{"start":{"line":17,"column":28},"end":{"line":21,"column":7}},"5":{"start":{"line":18,"column":6},"end":{"line":20,"column":8}},"6":{"start":{"line":23,"column":5},"end":{"line":23,"column":39}},"7":{"start":{"line":42,"column":2},"end":{"line":75,"column":5}},"8":{"start":{"line":43,"column":3},"end":{"line":74,"column":5}},"9":{"start":{"line":47,"column":5},"end":{"line":47,"column":37}},"10":{"start":{"line":47,"column":16},"end":{"line":47,"column":37}},"11":{"start":{"line":48,"column":5},"end":{"line":72,"column":6}},"12":{"start":{"line":49,"column":6},"end":{"line":49,"column":41}},"13":{"start":{"line":51,"column":6},"end":{"line":71,"column":8}},"14":{"start":{"line":55,"column":8},"end":{"line":55,"column":40}},"15":{"start":{"line":55,"column":19},"end":{"line":55,"column":40}},"16":{"start":{"line":56,"column":8},"end":{"line":69,"column":9}},"17":{"start":{"line":57,"column":9},"end":{"line":57,"column":48}},"18":{"start":{"line":59,"column":9},"end":{"line":68,"column":11}},"19":{"start":{"line":63,"column":11},"end":{"line":65,"column":12}},"20":{"start":{"line":64,"column":12},"end":{"line":64,"column":33}},"21":{"start":{"line":66,"column":11},"end":{"line":66,"column":37}},"22":{"start":{"line":84,"column":2},"end":{"line":95,"column":5}},"23":{"start":{"line":85,"column":3},"end":{"line":94,"column":5}},"24":{"start":{"line":89,"column":5},"end":{"line":89,"column":37}},"25":{"start":{"line":89,"column":16},"end":{"line":89,"column":37}},"26":{"start":{"line":90,"column":5},"end":{"line":90,"column":75}},"27":{"start":{"line":90,"column":36},"end":{"line":90,"column":75}},"28":{"start":{"line":92,"column":5},"end":{"line":92,"column":15}},"29":{"start":{"line":99,"column":24},"end":{"line":99,"column":45}}},"fnMap":{"0":{"name":"(anonymous_0)","decl":{"start":{"line":9,"column":1},"end":{"line":9,"column":2}},"loc":{"start":{"line":9,"column":10},"end":{"line":27,"column":2}},"line":9},"1":{"name":"(anonymous_1)","decl":{"start":{"line":10,"column":29},"end":{"line":10,"column":30}},"loc":{"start":{"line":10,"column":50},"end":{"line":26,"column":3}},"line":10},"2":{"name":"(anonymous_2)","decl":{"start":{"line":14,"column":4},"end":{"line":14,"column":5}},"loc":{"start":{"line":14,"column":41},"end":{"line":24,"column":5}},"line":14},"3":{"name":"(anonymous_3)","decl":{"start":{"line":17,"column":40},"end":{"line":17,"column":41}},"loc":{"start":{"line":17,"column":52},"end":{"line":21,"column":6}},"line":17},"4":{"name":"(anonymous_4)","decl":{"start":{"line":41,"column":1},"end":{"line":41,"column":2}},"loc":{"start":{"line":41,"column":24},"end":{"line":76,"column":2}},"line":41},"5":{"name":"(anonymous_5)","decl":{"start":{"line":42,"column":29},"end":{"line":42,"column":30}},"loc":{"start":{"line":42,"column":50},"end":{"line":75,"column":3}},"line":42},"6":{"name":"(anonymous_6)","decl":{"start":{"line":46,"column":4},"end":{"line":46,"column":5}},"loc":{"start":{"line":46,"column":41},"end":{"line":73,"column":5}},"line":46},"7":{"name":"(anonymous_7)","decl":{"start":{"line":54,"column":7},"end":{"line":54,"column":8}},"loc":{"start":{"line":54,"column":44},"end":{"line":70,"column":8}},"line":54},"8":{"name":"(anonymous_8)","decl":{"start":{"line":62,"column":10},"end":{"line":62,"column":11}},"loc":{"start":{"line":62,"column":47},"end":{"line":67,"column":11}},"line":62},"9":{"name":"(anonymous_9)","decl":{"start":{"line":83,"column":1},"end":{"line":83,"column":2}},"loc":{"start":{"line":83,"column":24},"end":{"line":96,"column":2}},"line":83},"10":{"name":"(anonymous_10)","decl":{"start":{"line":84,"column":27},"end":{"line":84,"column":28}},"loc":{"start":{"line":84,"column":48},"end":{"line":95,"column":3}},"line":84},"11":{"name":"(anonymous_11)","decl":{"start":{"line":88,"column":4},"end":{"line":88,"column":5}},"loc":{"start":{"line":88,"column":41},"end":{"line":93,"column":5}},"line":88}},"branchMap":{"0":{"loc":{"start":{"line":15,"column":5},"end":{"line":15,"column":37}},"type":"if","locations":[{"start":{"line":15,"column":5},"end":{"line":15,"column":37}},{"start":{},"end":{}}],"line":15},"1":{"loc":{"start":{"line":47,"column":5},"end":{"line":47,"column":37}},"type":"if","locations":[{"start":{"line":47,"column":5},"end":{"line":47,"column":37}},{"start":{},"end":{}}],"line":47},"2":{"loc":{"start":{"line":48,"column":5},"end":{"line":72,"column":6}},"type":"if","locations":[{"start":{"line":48,"column":5},"end":{"line":72,"column":6}},{"start":{"line":50,"column":12},"end":{"line":72,"column":6}}],"line":48},"3":{"loc":{"start":{"line":55,"column":8},"end":{"line":55,"column":40}},"type":"if","locations":[{"start":{"line":55,"column":8},"end":{"line":55,"column":40}},{"start":{},"end":{}}],"line":55},"4":{"loc":{"start":{"line":56,"column":8},"end":{"line":69,"column":9}},"type":"if","locations":[{"start":{"line":56,"column":8},"end":{"line":69,"column":9}},{"start":{"line":58,"column":15},"end":{"line":69,"column":9}}],"line":56},"5":{"loc":{"start":{"line":63,"column":11},"end":{"line":65,"column":12}},"type":"if","locations":[{"start":{"line":63,"column":11},"end":{"line":65,"column":12}},{"start":{},"end":{}}],"line":63},"6":{"loc":{"start":{"line":89,"column":5},"end":{"line":89,"column":37}},"type":"if","locations":[{"start":{"line":89,"column":5},"end":{"line":89,"column":37}},{"start":{},"end":{}}],"line":89},"7":{"loc":{"start":{"line":90,"column":5},"end":{"line":90,"column":75}},"type":"if","locations":[{"start":{"line":90,"column":5},"end":{"line":90,"column":75}},{"start":{},"end":{}}],"line":90}},"s":{"0":1,"1":1,"2":1,"3":0,"4":1,"5":2,"6":1,"7":15,"8":15,"9":15,"10":0,"11":15,"12":1,"13":14,"14":14,"15":0,"16":14,"17":1,"18":13,"19":13,"20":0,"21":13,"22":2,"23":2,"24":2,"25":0,"26":2,"27":1,"28":2,"29":5},"f":{"0":1,"1":1,"2":1,"3":2,"4":15,"5":15,"6":15,"7":14,"8":13,"9":2,"10":2,"11":2},"b":{"0":[0,1],"1":[0,15],"2":[1,14],"3":[0,14],"4":[1,13],"5":[0,13],"6":[0,2],"7":[1,1]},"_coverageSchema":"1a1c01bbd47fc00a2c39e90264f33305004495a9","hash":"b0972c042eae2fc79ea261c99432c0e2fbd3f634"}
,"C:\\Users\\ruben\\OneDrive\\Dokumenter\\AA NTNU\\INFT2002\\prosjektoppgave\\gruppe9\\server\\src\\mysql-pool.ts": {"path":"C:\\Users\\ruben\\OneDrive\\Dokumenter\\AA NTNU\\INFT2002\\prosjektoppgave\\gruppe9\\server\\src\\mysql-pool.ts","statementMap":{"0":{"start":{"line":10,"column":13},"end":{"line":20,"column":2}},"1":{"start":{"line":19,"column":4},"end":{"line":19,"column":78}}},"fnMap":{"0":{"name":"(anonymous_0)","decl":{"start":{"line":18,"column":12},"end":{"line":18,"column":13}},"loc":{"start":{"line":19,"column":4},"end":{"line":19,"column":78}},"line":19}},"branchMap":{"0":{"loc":{"start":{"line":19,"column":4},"end":{"line":19,"column":78}},"type":"cond-expr","locations":[{"start":{"line":19,"column":48},"end":{"line":19,"column":69}},{"start":{"line":19,"column":72},"end":{"line":19,"column":78}}],"line":19},"1":{"loc":{"start":{"line":19,"column":4},"end":{"line":19,"column":45}},"type":"binary-expr","locations":[{"start":{"line":19,"column":4},"end":{"line":19,"column":24}},{"start":{"line":19,"column":28},"end":{"line":19,"column":45}}],"line":19}},"s":{"0":5,"1":407},"f":{"0":407},"b":{"0":[41,366],"1":[407,41]},"_coverageSchema":"1a1c01bbd47fc00a2c39e90264f33305004495a9","hash":"6e2417d8f93d4e9fb799cf3a0b0a0ed995c7c8d6"}
,"C:\\Users\\ruben\\OneDrive\\Dokumenter\\AA NTNU\\INFT2002\\prosjektoppgave\\gruppe9\\server\\src\\sporsmal-router.ts": {"path":"C:\\Users\\ruben\\OneDrive\\Dokumenter\\AA NTNU\\INFT2002\\prosjektoppgave\\gruppe9\\server\\src\\sporsmal-router.ts","statementMap":{"0":{"start":{"line":7,"column":15},"end":{"line":7,"column":31}},"1":{"start":{"line":9,"column":0},"end":{"line":14,"column":3}},"2":{"start":{"line":10,"column":1},"end":{"line":13,"column":54}},"3":{"start":{"line":12,"column":18},"end":{"line":12,"column":37}},"4":{"start":{"line":13,"column":20},"end":{"line":13,"column":52}},"5":{"start":{"line":16,"column":0},"end":{"line":26,"column":3}},"6":{"start":{"line":17,"column":20},"end":{"line":17,"column":53}},"7":{"start":{"line":18,"column":1},"end":{"line":25,"column":54}},"8":{"start":{"line":21,"column":3},"end":{"line":23,"column":55}},"9":{"start":{"line":25,"column":20},"end":{"line":25,"column":52}},"10":{"start":{"line":30,"column":0},"end":{"line":44,"column":3}},"11":{"start":{"line":31,"column":14},"end":{"line":31,"column":26}},"12":{"start":{"line":32,"column":18},"end":{"line":32,"column":28}},"13":{"start":{"line":33,"column":21},"end":{"line":33,"column":60}},"14":{"start":{"line":34,"column":1},"end":{"line":34,"column":35}},"15":{"start":{"line":35,"column":1},"end":{"line":35,"column":41}},"16":{"start":{"line":36,"column":1},"end":{"line":43,"column":58}},"17":{"start":{"line":37,"column":2},"end":{"line":42,"column":6}},"18":{"start":{"line":39,"column":17},"end":{"line":39,"column":38}},"19":{"start":{"line":41,"column":4},"end":{"line":41,"column":37}},"20":{"start":{"line":43,"column":6},"end":{"line":43,"column":58}},"21":{"start":{"line":46,"column":0},"end":{"line":62,"column":3}},"22":{"start":{"line":47,"column":14},"end":{"line":47,"column":29}},"23":{"start":{"line":48,"column":20},"end":{"line":48,"column":35}},"24":{"start":{"line":49,"column":1},"end":{"line":61,"column":64}},"25":{"start":{"line":57,"column":2},"end":{"line":60,"column":55}},"26":{"start":{"line":59,"column":15},"end":{"line":59,"column":30}},"27":{"start":{"line":60,"column":21},"end":{"line":60,"column":53}},"28":{"start":{"line":61,"column":8},"end":{"line":61,"column":64}},"29":{"start":{"line":64,"column":0},"end":{"line":69,"column":3}},"30":{"start":{"line":65,"column":1},"end":{"line":68,"column":54}},"31":{"start":{"line":67,"column":21},"end":{"line":67,"column":36}},"32":{"start":{"line":68,"column":20},"end":{"line":68,"column":52}}},"fnMap":{"0":{"name":"(anonymous_0)","decl":{"start":{"line":9,"column":24},"end":{"line":9,"column":25}},"loc":{"start":{"line":9,"column":48},"end":{"line":14,"column":1}},"line":9},"1":{"name":"(anonymous_1)","decl":{"start":{"line":12,"column":8},"end":{"line":12,"column":9}},"loc":{"start":{"line":12,"column":18},"end":{"line":12,"column":37}},"line":12},"2":{"name":"(anonymous_2)","decl":{"start":{"line":13,"column":9},"end":{"line":13,"column":10}},"loc":{"start":{"line":13,"column":20},"end":{"line":13,"column":52}},"line":13},"3":{"name":"(anonymous_3)","decl":{"start":{"line":16,"column":36},"end":{"line":16,"column":37}},"loc":{"start":{"line":16,"column":59},"end":{"line":26,"column":1}},"line":16},"4":{"name":"(anonymous_4)","decl":{"start":{"line":20,"column":8},"end":{"line":20,"column":9}},"loc":{"start":{"line":21,"column":3},"end":{"line":23,"column":55}},"line":21},"5":{"name":"(anonymous_5)","decl":{"start":{"line":25,"column":9},"end":{"line":25,"column":10}},"loc":{"start":{"line":25,"column":20},"end":{"line":25,"column":52}},"line":25},"6":{"name":"(anonymous_6)","decl":{"start":{"line":30,"column":25},"end":{"line":30,"column":26}},"loc":{"start":{"line":30,"column":48},"end":{"line":44,"column":1}},"line":30},"7":{"name":"(anonymous_7)","decl":{"start":{"line":39,"column":9},"end":{"line":39,"column":10}},"loc":{"start":{"line":39,"column":17},"end":{"line":39,"column":38}},"line":39},"8":{"name":"(anonymous_8)","decl":{"start":{"line":40,"column":10},"end":{"line":40,"column":11}},"loc":{"start":{"line":40,"column":21},"end":{"line":42,"column":4}},"line":40},"9":{"name":"(anonymous_9)","decl":{"start":{"line":46,"column":24},"end":{"line":46,"column":25}},"loc":{"start":{"line":46,"column":47},"end":{"line":62,"column":1}},"line":46},"10":{"name":"(anonymous_10)","decl":{"start":{"line":59,"column":9},"end":{"line":59,"column":10}},"loc":{"start":{"line":59,"column":15},"end":{"line":59,"column":30}},"line":59},"11":{"name":"(anonymous_11)","decl":{"start":{"line":60,"column":10},"end":{"line":60,"column":11}},"loc":{"start":{"line":60,"column":21},"end":{"line":60,"column":53}},"line":60},"12":{"name":"(anonymous_12)","decl":{"start":{"line":64,"column":39},"end":{"line":64,"column":40}},"loc":{"start":{"line":64,"column":62},"end":{"line":69,"column":1}},"line":64},"13":{"name":"(anonymous_13)","decl":{"start":{"line":67,"column":8},"end":{"line":67,"column":9}},"loc":{"start":{"line":67,"column":21},"end":{"line":67,"column":36}},"line":67},"14":{"name":"(anonymous_14)","decl":{"start":{"line":68,"column":9},"end":{"line":68,"column":10}},"loc":{"start":{"line":68,"column":20},"end":{"line":68,"column":52}},"line":68}},"branchMap":{"0":{"loc":{"start":{"line":21,"column":3},"end":{"line":23,"column":55}},"type":"cond-expr","locations":[{"start":{"line":22,"column":6},"end":{"line":22,"column":29}},{"start":{"line":23,"column":6},"end":{"line":23,"column":55}}],"line":21},"1":{"loc":{"start":{"line":36,"column":1},"end":{"line":43,"column":58}},"type":"if","locations":[{"start":{"line":36,"column":1},"end":{"line":43,"column":58}},{"start":{"line":43,"column":6},"end":{"line":43,"column":58}}],"line":36},"2":{"loc":{"start":{"line":36,"column":5},"end":{"line":36,"column":51}},"type":"binary-expr","locations":[{"start":{"line":36,"column":5},"end":{"line":36,"column":9}},{"start":{"line":36,"column":13},"end":{"line":36,"column":24}},{"start":{"line":36,"column":28},"end":{"line":36,"column":51}}],"line":36},"3":{"loc":{"start":{"line":49,"column":1},"end":{"line":61,"column":64}},"type":"if","locations":[{"start":{"line":49,"column":1},"end":{"line":61,"column":64}},{"start":{"line":61,"column":8},"end":{"line":61,"column":64}}],"line":49},"4":{"loc":{"start":{"line":50,"column":2},"end":{"line":55,"column":31}},"type":"binary-expr","locations":[{"start":{"line":50,"column":2},"end":{"line":50,"column":36}},{"start":{"line":51,"column":2},"end":{"line":51,"column":32}},{"start":{"line":52,"column":2},"end":{"line":52,"column":24}},{"start":{"line":53,"column":2},"end":{"line":53,"column":33}},{"start":{"line":54,"column":2},"end":{"line":54,"column":25}},{"start":{"line":55,"column":2},"end":{"line":55,"column":31}}],"line":50}},"s":{"0":5,"1":5,"2":1,"3":1,"4":0,"5":5,"6":2,"7":2,"8":2,"9":0,"10":5,"11":1,"12":1,"13":1,"14":1,"15":1,"16":1,"17":1,"18":1,"19":0,"20":0,"21":5,"22":1,"23":1,"24":1,"25":1,"26":1,"27":0,"28":0,"29":5,"30":1,"31":1,"32":0},"f":{"0":1,"1":1,"2":0,"3":2,"4":2,"5":0,"6":1,"7":1,"8":0,"9":1,"10":1,"11":0,"12":1,"13":1,"14":0},"b":{"0":[1,1],"1":[1,0],"2":[1,1,1],"3":[1,0],"4":[1,1,1,1,1,1]},"_coverageSchema":"1a1c01bbd47fc00a2c39e90264f33305004495a9","hash":"234c1fd9ae2863a0c923f9a1ce294cef2a941f5e"}
,"C:\\Users\\ruben\\OneDrive\\Dokumenter\\AA NTNU\\INFT2002\\prosjektoppgave\\gruppe9\\server\\src\\sporsmal-service.ts": {"path":"C:\\Users\\ruben\\OneDrive\\Dokumenter\\AA NTNU\\INFT2002\\prosjektoppgave\\gruppe9\\server\\src\\sporsmal-service.ts","statementMap":{"0":{"start":{"line":22,"column":2},"end":{"line":40,"column":5}},"1":{"start":{"line":23,"column":3},"end":{"line":39,"column":5}},"2":{"start":{"line":27,"column":5},"end":{"line":27,"column":37}},"3":{"start":{"line":27,"column":16},"end":{"line":27,"column":37}},"4":{"start":{"line":29,"column":28},"end":{"line":35,"column":7}},"5":{"start":{"line":30,"column":6},"end":{"line":34,"column":8}},"6":{"start":{"line":37,"column":5},"end":{"line":37,"column":44}},"7":{"start":{"line":46,"column":2},"end":{"line":64,"column":5}},"8":{"start":{"line":47,"column":3},"end":{"line":63,"column":5}},"9":{"start":{"line":51,"column":5},"end":{"line":51,"column":37}},"10":{"start":{"line":51,"column":16},"end":{"line":51,"column":37}},"11":{"start":{"line":53,"column":28},"end":{"line":59,"column":7}},"12":{"start":{"line":54,"column":6},"end":{"line":58,"column":8}},"13":{"start":{"line":61,"column":5},"end":{"line":61,"column":43}},"14":{"start":{"line":91,"column":19},"end":{"line":91,"column":61}},"15":{"start":{"line":92,"column":25},"end":{"line":92,"column":73}},"16":{"start":{"line":94,"column":2},"end":{"line":113,"column":5}},"17":{"start":{"line":95,"column":3},"end":{"line":112,"column":5}},"18":{"start":{"line":107,"column":5},"end":{"line":109,"column":6}},"19":{"start":{"line":108,"column":6},"end":{"line":108,"column":27}},"20":{"start":{"line":110,"column":5},"end":{"line":110,"column":31}},"21":{"start":{"line":120,"column":25},"end":{"line":122,"column":63}},"22":{"start":{"line":124,"column":2},"end":{"line":157,"column":5}},"23":{"start":{"line":126,"column":3},"end":{"line":156,"column":5}},"24":{"start":{"line":137,"column":5},"end":{"line":137,"column":37}},"25":{"start":{"line":137,"column":16},"end":{"line":137,"column":37}},"26":{"start":{"line":138,"column":5},"end":{"line":139,"column":47}},"27":{"start":{"line":139,"column":6},"end":{"line":139,"column":47}},"28":{"start":{"line":142,"column":5},"end":{"line":152,"column":6}},"29":{"start":{"line":143,"column":6},"end":{"line":151,"column":8}},"30":{"start":{"line":147,"column":8},"end":{"line":147,"column":40}},"31":{"start":{"line":147,"column":19},"end":{"line":147,"column":40}},"32":{"start":{"line":148,"column":8},"end":{"line":149,"column":70}},"33":{"start":{"line":149,"column":9},"end":{"line":149,"column":70}},"34":{"start":{"line":154,"column":5},"end":{"line":154,"column":35}},"35":{"start":{"line":166,"column":2},"end":{"line":179,"column":5}},"36":{"start":{"line":167,"column":3},"end":{"line":178,"column":5}},"37":{"start":{"line":171,"column":5},"end":{"line":171,"column":37}},"38":{"start":{"line":171,"column":16},"end":{"line":171,"column":37}},"39":{"start":{"line":172,"column":5},"end":{"line":172,"column":75}},"40":{"start":{"line":172,"column":36},"end":{"line":172,"column":75}},"41":{"start":{"line":174,"column":5},"end":{"line":174,"column":48}},"42":{"start":{"line":176,"column":5},"end":{"line":176,"column":15}},"43":{"start":{"line":183,"column":24},"end":{"line":183,"column":45}}},"fnMap":{"0":{"name":"(anonymous_0)","decl":{"start":{"line":20,"column":1},"end":{"line":20,"column":2}},"loc":{"start":{"line":20,"column":17},"end":{"line":41,"column":2}},"line":20},"1":{"name":"(anonymous_1)","decl":{"start":{"line":22,"column":43},"end":{"line":22,"column":44}},"loc":{"start":{"line":22,"column":64},"end":{"line":40,"column":3}},"line":22},"2":{"name":"(anonymous_2)","decl":{"start":{"line":26,"column":4},"end":{"line":26,"column":5}},"loc":{"start":{"line":26,"column":41},"end":{"line":38,"column":5}},"line":26},"3":{"name":"(anonymous_3)","decl":{"start":{"line":29,"column":40},"end":{"line":29,"column":41}},"loc":{"start":{"line":29,"column":52},"end":{"line":35,"column":6}},"line":29},"4":{"name":"(anonymous_4)","decl":{"start":{"line":45,"column":1},"end":{"line":45,"column":2}},"loc":{"start":{"line":45,"column":10},"end":{"line":65,"column":2}},"line":45},"5":{"name":"(anonymous_5)","decl":{"start":{"line":46,"column":33},"end":{"line":46,"column":34}},"loc":{"start":{"line":46,"column":54},"end":{"line":64,"column":3}},"line":46},"6":{"name":"(anonymous_6)","decl":{"start":{"line":50,"column":4},"end":{"line":50,"column":5}},"loc":{"start":{"line":50,"column":41},"end":{"line":62,"column":5}},"line":50},"7":{"name":"(anonymous_7)","decl":{"start":{"line":53,"column":40},"end":{"line":53,"column":41}},"loc":{"start":{"line":53,"column":52},"end":{"line":59,"column":6}},"line":53},"8":{"name":"(anonymous_8)","decl":{"start":{"line":90,"column":1},"end":{"line":90,"column":2}},"loc":{"start":{"line":90,"column":28},"end":{"line":114,"column":2}},"line":90},"9":{"name":"(anonymous_9)","decl":{"start":{"line":94,"column":29},"end":{"line":94,"column":30}},"loc":{"start":{"line":94,"column":50},"end":{"line":113,"column":3}},"line":94},"10":{"name":"(anonymous_10)","decl":{"start":{"line":106,"column":4},"end":{"line":106,"column":5}},"loc":{"start":{"line":106,"column":41},"end":{"line":111,"column":5}},"line":106},"11":{"name":"(anonymous_11)","decl":{"start":{"line":119,"column":1},"end":{"line":119,"column":2}},"loc":{"start":{"line":119,"column":49},"end":{"line":158,"column":2}},"line":119},"12":{"name":"(anonymous_12)","decl":{"start":{"line":124,"column":29},"end":{"line":124,"column":30}},"loc":{"start":{"line":124,"column":50},"end":{"line":157,"column":3}},"line":124},"13":{"name":"(anonymous_13)","decl":{"start":{"line":136,"column":4},"end":{"line":136,"column":5}},"loc":{"start":{"line":136,"column":41},"end":{"line":155,"column":5}},"line":136},"14":{"name":"(anonymous_14)","decl":{"start":{"line":146,"column":7},"end":{"line":146,"column":8}},"loc":{"start":{"line":146,"column":44},"end":{"line":150,"column":8}},"line":146},"15":{"name":"(anonymous_15)","decl":{"start":{"line":165,"column":1},"end":{"line":165,"column":2}},"loc":{"start":{"line":165,"column":28},"end":{"line":180,"column":2}},"line":165},"16":{"name":"(anonymous_16)","decl":{"start":{"line":166,"column":27},"end":{"line":166,"column":28}},"loc":{"start":{"line":166,"column":48},"end":{"line":179,"column":3}},"line":166},"17":{"name":"(anonymous_17)","decl":{"start":{"line":170,"column":4},"end":{"line":170,"column":5}},"loc":{"start":{"line":170,"column":47},"end":{"line":177,"column":5}},"line":170}},"branchMap":{"0":{"loc":{"start":{"line":27,"column":5},"end":{"line":27,"column":37}},"type":"if","locations":[{"start":{"line":27,"column":5},"end":{"line":27,"column":37}},{"start":{},"end":{}}],"line":27},"1":{"loc":{"start":{"line":51,"column":5},"end":{"line":51,"column":37}},"type":"if","locations":[{"start":{"line":51,"column":5},"end":{"line":51,"column":37}},{"start":{},"end":{}}],"line":51},"2":{"loc":{"start":{"line":107,"column":5},"end":{"line":109,"column":6}},"type":"if","locations":[{"start":{"line":107,"column":5},"end":{"line":109,"column":6}},{"start":{},"end":{}}],"line":107},"3":{"loc":{"start":{"line":120,"column":25},"end":{"line":122,"column":63}},"type":"cond-expr","locations":[{"start":{"line":121,"column":5},"end":{"line":121,"column":44}},{"start":{"line":122,"column":5},"end":{"line":122,"column":63}}],"line":120},"4":{"loc":{"start":{"line":137,"column":5},"end":{"line":137,"column":37}},"type":"if","locations":[{"start":{"line":137,"column":5},"end":{"line":137,"column":37}},{"start":{},"end":{}}],"line":137},"5":{"loc":{"start":{"line":138,"column":5},"end":{"line":139,"column":47}},"type":"if","locations":[{"start":{"line":138,"column":5},"end":{"line":139,"column":47}},{"start":{},"end":{}}],"line":138},"6":{"loc":{"start":{"line":142,"column":5},"end":{"line":152,"column":6}},"type":"if","locations":[{"start":{"line":142,"column":5},"end":{"line":152,"column":6}},{"start":{},"end":{}}],"line":142},"7":{"loc":{"start":{"line":147,"column":8},"end":{"line":147,"column":40}},"type":"if","locations":[{"start":{"line":147,"column":8},"end":{"line":147,"column":40}},{"start":{},"end":{}}],"line":147},"8":{"loc":{"start":{"line":148,"column":8},"end":{"line":149,"column":70}},"type":"if","locations":[{"start":{"line":148,"column":8},"end":{"line":149,"column":70}},{"start":{},"end":{}}],"line":148},"9":{"loc":{"start":{"line":171,"column":5},"end":{"line":171,"column":37}},"type":"if","locations":[{"start":{"line":171,"column":5},"end":{"line":171,"column":37}},{"start":{},"end":{}}],"line":171},"10":{"loc":{"start":{"line":172,"column":5},"end":{"line":172,"column":75}},"type":"if","locations":[{"start":{"line":172,"column":5},"end":{"line":172,"column":75}},{"start":{},"end":{}}],"line":172}},"s":{"0":2,"1":2,"2":2,"3":0,"4":2,"5":1,"6":2,"7":1,"8":1,"9":1,"10":0,"11":1,"12":4,"13":1,"14":25,"15":25,"16":25,"17":25,"18":25,"19":0,"20":25,"21":1,"22":1,"23":1,"24":1,"25":0,"26":1,"27":0,"28":1,"29":0,"30":0,"31":0,"32":0,"33":0,"34":1,"35":1,"36":1,"37":1,"38":0,"39":1,"40":0,"41":1,"42":1,"43":5},"f":{"0":2,"1":2,"2":2,"3":1,"4":1,"5":1,"6":1,"7":4,"8":25,"9":25,"10":25,"11":1,"12":1,"13":1,"14":0,"15":1,"16":1,"17":1},"b":{"0":[0,2],"1":[0,1],"2":[0,25],"3":[0,1],"4":[0,1],"5":[0,1],"6":[0,1],"7":[0,0],"8":[0,0],"9":[0,1],"10":[0,1]},"_coverageSchema":"1a1c01bbd47fc00a2c39e90264f33305004495a9","hash":"eb7cf36ffc0f4e6038edc099d4fd290bd0cab8ff"}
,"C:\\Users\\ruben\\OneDrive\\Dokumenter\\AA NTNU\\INFT2002\\prosjektoppgave\\gruppe9\\server\\src\\sporsmalTag-router.ts": {"path":"C:\\Users\\ruben\\OneDrive\\Dokumenter\\AA NTNU\\INFT2002\\prosjektoppgave\\gruppe9\\server\\src\\sporsmalTag-router.ts","statementMap":{"0":{"start":{"line":9,"column":15},"end":{"line":9,"column":31}},"1":{"start":{"line":12,"column":0},"end":{"line":17,"column":3}},"2":{"start":{"line":13,"column":20},"end":{"line":13,"column":54}},"3":{"start":{"line":14,"column":1},"end":{"line":16,"column":59}},"4":{"start":{"line":15,"column":25},"end":{"line":15,"column":44}},"5":{"start":{"line":16,"column":25},"end":{"line":16,"column":57}},"6":{"start":{"line":19,"column":0},"end":{"line":24,"column":3}},"7":{"start":{"line":20,"column":15},"end":{"line":20,"column":43}},"8":{"start":{"line":21,"column":1},"end":{"line":23,"column":59}},"9":{"start":{"line":22,"column":34},"end":{"line":22,"column":57}},"10":{"start":{"line":23,"column":25},"end":{"line":23,"column":57}},"11":{"start":{"line":28,"column":0},"end":{"line":44,"column":3}},"12":{"start":{"line":29,"column":14},"end":{"line":29,"column":26}},"13":{"start":{"line":30,"column":1},"end":{"line":42,"column":5}},"14":{"start":{"line":31,"column":14},"end":{"line":31,"column":29}},"15":{"start":{"line":33,"column":3},"end":{"line":41,"column":4}},"16":{"start":{"line":34,"column":4},"end":{"line":34,"column":37}},"17":{"start":{"line":35,"column":10},"end":{"line":41,"column":4}},"18":{"start":{"line":36,"column":4},"end":{"line":36,"column":37}},"19":{"start":{"line":37,"column":10},"end":{"line":41,"column":4}},"20":{"start":{"line":38,"column":4},"end":{"line":38,"column":37}},"21":{"start":{"line":40,"column":4},"end":{"line":40,"column":37}},"22":{"start":{"line":46,"column":0},"end":{"line":52,"column":3}},"23":{"start":{"line":47,"column":20},"end":{"line":47,"column":53}},"24":{"start":{"line":48,"column":15},"end":{"line":48,"column":43}},"25":{"start":{"line":49,"column":1},"end":{"line":51,"column":59}},"26":{"start":{"line":50,"column":14},"end":{"line":50,"column":29}},"27":{"start":{"line":51,"column":25},"end":{"line":51,"column":57}}},"fnMap":{"0":{"name":"(anonymous_0)","decl":{"start":{"line":12,"column":41},"end":{"line":12,"column":42}},"loc":{"start":{"line":12,"column":65},"end":{"line":17,"column":1}},"line":12},"1":{"name":"(anonymous_1)","decl":{"start":{"line":15,"column":8},"end":{"line":15,"column":9}},"loc":{"start":{"line":15,"column":25},"end":{"line":15,"column":44}},"line":15},"2":{"name":"(anonymous_2)","decl":{"start":{"line":16,"column":9},"end":{"line":16,"column":10}},"loc":{"start":{"line":16,"column":25},"end":{"line":16,"column":57}},"line":16},"3":{"name":"(anonymous_3)","decl":{"start":{"line":19,"column":35},"end":{"line":19,"column":36}},"loc":{"start":{"line":19,"column":58},"end":{"line":24,"column":1}},"line":19},"4":{"name":"(anonymous_4)","decl":{"start":{"line":22,"column":8},"end":{"line":22,"column":9}},"loc":{"start":{"line":22,"column":34},"end":{"line":22,"column":57}},"line":22},"5":{"name":"(anonymous_5)","decl":{"start":{"line":23,"column":9},"end":{"line":23,"column":10}},"loc":{"start":{"line":23,"column":25},"end":{"line":23,"column":57}},"line":23},"6":{"name":"(anonymous_6)","decl":{"start":{"line":28,"column":28},"end":{"line":28,"column":29}},"loc":{"start":{"line":28,"column":51},"end":{"line":44,"column":1}},"line":28},"7":{"name":"(anonymous_7)","decl":{"start":{"line":31,"column":8},"end":{"line":31,"column":9}},"loc":{"start":{"line":31,"column":14},"end":{"line":31,"column":29}},"line":31},"8":{"name":"(anonymous_8)","decl":{"start":{"line":32,"column":9},"end":{"line":32,"column":10}},"loc":{"start":{"line":32,"column":25},"end":{"line":42,"column":3}},"line":32},"9":{"name":"(anonymous_9)","decl":{"start":{"line":46,"column":49},"end":{"line":46,"column":50}},"loc":{"start":{"line":46,"column":72},"end":{"line":52,"column":1}},"line":46},"10":{"name":"(anonymous_10)","decl":{"start":{"line":50,"column":8},"end":{"line":50,"column":9}},"loc":{"start":{"line":50,"column":14},"end":{"line":50,"column":29}},"line":50},"11":{"name":"(anonymous_11)","decl":{"start":{"line":51,"column":9},"end":{"line":51,"column":10}},"loc":{"start":{"line":51,"column":25},"end":{"line":51,"column":57}},"line":51}},"branchMap":{"0":{"loc":{"start":{"line":33,"column":3},"end":{"line":41,"column":4}},"type":"if","locations":[{"start":{"line":33,"column":3},"end":{"line":41,"column":4}},{"start":{"line":35,"column":10},"end":{"line":41,"column":4}}],"line":33},"1":{"loc":{"start":{"line":35,"column":10},"end":{"line":41,"column":4}},"type":"if","locations":[{"start":{"line":35,"column":10},"end":{"line":41,"column":4}},{"start":{"line":37,"column":10},"end":{"line":41,"column":4}}],"line":35},"2":{"loc":{"start":{"line":37,"column":10},"end":{"line":41,"column":4}},"type":"if","locations":[{"start":{"line":37,"column":10},"end":{"line":41,"column":4}},{"start":{"line":39,"column":10},"end":{"line":41,"column":4}}],"line":37}},"s":{"0":5,"1":5,"2":1,"3":1,"4":1,"5":0,"6":5,"7":1,"8":1,"9":1,"10":0,"11":5,"12":2,"13":2,"14":1,"15":1,"16":0,"17":1,"18":1,"19":0,"20":0,"21":0,"22":5,"23":1,"24":1,"25":1,"26":1,"27":0},"f":{"0":1,"1":1,"2":0,"3":1,"4":1,"5":0,"6":2,"7":1,"8":1,"9":1,"10":1,"11":0},"b":{"0":[0,1],"1":[1,0],"2":[0,0]},"_coverageSchema":"1a1c01bbd47fc00a2c39e90264f33305004495a9","hash":"662c48dfb95e08d4f62cf7b4972910910acfaf94"}
,"C:\\Users\\ruben\\OneDrive\\Dokumenter\\AA NTNU\\INFT2002\\prosjektoppgave\\gruppe9\\server\\src\\sporsmalTag-service.ts": {"path":"C:\\Users\\ruben\\OneDrive\\Dokumenter\\AA NTNU\\INFT2002\\prosjektoppgave\\gruppe9\\server\\src\\sporsmalTag-service.ts","statementMap":{"0":{"start":{"line":17,"column":2},"end":{"line":33,"column":5}},"1":{"start":{"line":18,"column":3},"end":{"line":32,"column":5}},"2":{"start":{"line":22,"column":5},"end":{"line":22,"column":37}},"3":{"start":{"line":22,"column":16},"end":{"line":22,"column":37}},"4":{"start":{"line":24,"column":28},"end":{"line":28,"column":7}},"5":{"start":{"line":25,"column":6},"end":{"line":27,"column":8}},"6":{"start":{"line":30,"column":5},"end":{"line":30,"column":38}},"7":{"start":{"line":40,"column":2},"end":{"line":56,"column":5}},"8":{"start":{"line":41,"column":3},"end":{"line":55,"column":5}},"9":{"start":{"line":45,"column":5},"end":{"line":45,"column":37}},"10":{"start":{"line":45,"column":16},"end":{"line":45,"column":37}},"11":{"start":{"line":47,"column":28},"end":{"line":51,"column":7}},"12":{"start":{"line":48,"column":6},"end":{"line":50,"column":8}},"13":{"start":{"line":53,"column":5},"end":{"line":53,"column":43}},"14":{"start":{"line":65,"column":2},"end":{"line":104,"column":5}},"15":{"start":{"line":67,"column":3},"end":{"line":74,"column":5}},"16":{"start":{"line":71,"column":5},"end":{"line":71,"column":37}},"17":{"start":{"line":71,"column":16},"end":{"line":71,"column":37}},"18":{"start":{"line":72,"column":5},"end":{"line":72,"column":68}},"19":{"start":{"line":72,"column":29},"end":{"line":72,"column":68}},"20":{"start":{"line":77,"column":3},"end":{"line":84,"column":5}},"21":{"start":{"line":81,"column":5},"end":{"line":81,"column":37}},"22":{"start":{"line":81,"column":16},"end":{"line":81,"column":37}},"23":{"start":{"line":82,"column":5},"end":{"line":82,"column":60}},"24":{"start":{"line":82,"column":30},"end":{"line":82,"column":60}},"25":{"start":{"line":85,"column":3},"end":{"line":92,"column":5}},"26":{"start":{"line":89,"column":5},"end":{"line":89,"column":37}},"27":{"start":{"line":89,"column":16},"end":{"line":89,"column":37}},"28":{"start":{"line":90,"column":5},"end":{"line":90,"column":65}},"29":{"start":{"line":90,"column":30},"end":{"line":90,"column":65}},"30":{"start":{"line":94,"column":3},"end":{"line":103,"column":5}},"31":{"start":{"line":98,"column":5},"end":{"line":100,"column":6}},"32":{"start":{"line":99,"column":6},"end":{"line":99,"column":27}},"33":{"start":{"line":101,"column":5},"end":{"line":101,"column":31}},"34":{"start":{"line":113,"column":2},"end":{"line":124,"column":5}},"35":{"start":{"line":114,"column":3},"end":{"line":123,"column":5}},"36":{"start":{"line":118,"column":5},"end":{"line":118,"column":37}},"37":{"start":{"line":118,"column":16},"end":{"line":118,"column":37}},"38":{"start":{"line":119,"column":5},"end":{"line":119,"column":75}},"39":{"start":{"line":119,"column":36},"end":{"line":119,"column":75}},"40":{"start":{"line":121,"column":5},"end":{"line":121,"column":15}},"41":{"start":{"line":128,"column":27},"end":{"line":128,"column":51}}},"fnMap":{"0":{"name":"(anonymous_0)","decl":{"start":{"line":15,"column":1},"end":{"line":15,"column":2}},"loc":{"start":{"line":15,"column":40},"end":{"line":34,"column":2}},"line":15},"1":{"name":"(anonymous_1)","decl":{"start":{"line":17,"column":28},"end":{"line":17,"column":29}},"loc":{"start":{"line":17,"column":49},"end":{"line":33,"column":3}},"line":17},"2":{"name":"(anonymous_2)","decl":{"start":{"line":21,"column":4},"end":{"line":21,"column":5}},"loc":{"start":{"line":21,"column":41},"end":{"line":31,"column":5}},"line":21},"3":{"name":"(anonymous_3)","decl":{"start":{"line":24,"column":40},"end":{"line":24,"column":41}},"loc":{"start":{"line":24,"column":52},"end":{"line":28,"column":6}},"line":24},"4":{"name":"(anonymous_4)","decl":{"start":{"line":38,"column":1},"end":{"line":38,"column":2}},"loc":{"start":{"line":38,"column":35},"end":{"line":57,"column":2}},"line":38},"5":{"name":"(anonymous_5)","decl":{"start":{"line":40,"column":33},"end":{"line":40,"column":34}},"loc":{"start":{"line":40,"column":54},"end":{"line":56,"column":3}},"line":40},"6":{"name":"(anonymous_6)","decl":{"start":{"line":44,"column":4},"end":{"line":44,"column":5}},"loc":{"start":{"line":44,"column":41},"end":{"line":54,"column":5}},"line":44},"7":{"name":"(anonymous_7)","decl":{"start":{"line":47,"column":40},"end":{"line":47,"column":41}},"loc":{"start":{"line":47,"column":52},"end":{"line":51,"column":6}},"line":47},"8":{"name":"(anonymous_8)","decl":{"start":{"line":64,"column":1},"end":{"line":64,"column":2}},"loc":{"start":{"line":64,"column":51},"end":{"line":105,"column":2}},"line":64},"9":{"name":"(anonymous_9)","decl":{"start":{"line":65,"column":29},"end":{"line":65,"column":30}},"loc":{"start":{"line":65,"column":50},"end":{"line":104,"column":3}},"line":65},"10":{"name":"(anonymous_10)","decl":{"start":{"line":70,"column":4},"end":{"line":70,"column":5}},"loc":{"start":{"line":70,"column":41},"end":{"line":73,"column":5}},"line":70},"11":{"name":"(anonymous_11)","decl":{"start":{"line":80,"column":4},"end":{"line":80,"column":5}},"loc":{"start":{"line":80,"column":41},"end":{"line":83,"column":5}},"line":80},"12":{"name":"(anonymous_12)","decl":{"start":{"line":88,"column":4},"end":{"line":88,"column":5}},"loc":{"start":{"line":88,"column":41},"end":{"line":91,"column":5}},"line":88},"13":{"name":"(anonymous_13)","decl":{"start":{"line":97,"column":4},"end":{"line":97,"column":5}},"loc":{"start":{"line":97,"column":41},"end":{"line":102,"column":5}},"line":97},"14":{"name":"(anonymous_14)","decl":{"start":{"line":112,"column":1},"end":{"line":112,"column":2}},"loc":{"start":{"line":112,"column":51},"end":{"line":125,"column":2}},"line":112},"15":{"name":"(anonymous_15)","decl":{"start":{"line":113,"column":27},"end":{"line":113,"column":28}},"loc":{"start":{"line":113,"column":48},"end":{"line":124,"column":3}},"line":113},"16":{"name":"(anonymous_16)","decl":{"start":{"line":117,"column":4},"end":{"line":117,"column":5}},"loc":{"start":{"line":117,"column":41},"end":{"line":122,"column":5}},"line":117}},"branchMap":{"0":{"loc":{"start":{"line":22,"column":5},"end":{"line":22,"column":37}},"type":"if","locations":[{"start":{"line":22,"column":5},"end":{"line":22,"column":37}},{"start":{},"end":{}}],"line":22},"1":{"loc":{"start":{"line":45,"column":5},"end":{"line":45,"column":37}},"type":"if","locations":[{"start":{"line":45,"column":5},"end":{"line":45,"column":37}},{"start":{},"end":{}}],"line":45},"2":{"loc":{"start":{"line":71,"column":5},"end":{"line":71,"column":37}},"type":"if","locations":[{"start":{"line":71,"column":5},"end":{"line":71,"column":37}},{"start":{},"end":{}}],"line":71},"3":{"loc":{"start":{"line":72,"column":5},"end":{"line":72,"column":68}},"type":"if","locations":[{"start":{"line":72,"column":5},"end":{"line":72,"column":68}},{"start":{},"end":{}}],"line":72},"4":{"loc":{"start":{"line":81,"column":5},"end":{"line":81,"column":37}},"type":"if","locations":[{"start":{"line":81,"column":5},"end":{"line":81,"column":37}},{"start":{},"end":{}}],"line":81},"5":{"loc":{"start":{"line":82,"column":5},"end":{"line":82,"column":60}},"type":"if","locations":[{"start":{"line":82,"column":5},"end":{"line":82,"column":60}},{"start":{},"end":{}}],"line":82},"6":{"loc":{"start":{"line":89,"column":5},"end":{"line":89,"column":37}},"type":"if","locations":[{"start":{"line":89,"column":5},"end":{"line":89,"column":37}},{"start":{},"end":{}}],"line":89},"7":{"loc":{"start":{"line":90,"column":5},"end":{"line":90,"column":65}},"type":"if","locations":[{"start":{"line":90,"column":5},"end":{"line":90,"column":65}},{"start":{},"end":{}}],"line":90},"8":{"loc":{"start":{"line":98,"column":5},"end":{"line":100,"column":6}},"type":"if","locations":[{"start":{"line":98,"column":5},"end":{"line":100,"column":6}},{"start":{},"end":{}}],"line":98},"9":{"loc":{"start":{"line":118,"column":5},"end":{"line":118,"column":37}},"type":"if","locations":[{"start":{"line":118,"column":5},"end":{"line":118,"column":37}},{"start":{},"end":{}}],"line":118},"10":{"loc":{"start":{"line":119,"column":5},"end":{"line":119,"column":75}},"type":"if","locations":[{"start":{"line":119,"column":5},"end":{"line":119,"column":75}},{"start":{},"end":{}}],"line":119}},"s":{"0":1,"1":1,"2":1,"3":0,"4":1,"5":3,"6":1,"7":1,"8":1,"9":1,"10":0,"11":1,"12":1,"13":1,"14":17,"15":17,"16":17,"17":0,"18":17,"19":0,"20":17,"21":17,"22":0,"23":17,"24":1,"25":17,"26":17,"27":0,"28":17,"29":1,"30":17,"31":17,"32":0,"33":17,"34":1,"35":1,"36":1,"37":0,"38":1,"39":0,"40":1,"41":5},"f":{"0":1,"1":1,"2":1,"3":3,"4":1,"5":1,"6":1,"7":1,"8":17,"9":17,"10":17,"11":17,"12":17,"13":17,"14":1,"15":1,"16":1},"b":{"0":[0,1],"1":[0,1],"2":[0,17],"3":[0,17],"4":[0,17],"5":[1,16],"6":[0,17],"7":[1,16],"8":[0,17],"9":[0,1],"10":[0,1]},"_coverageSchema":"1a1c01bbd47fc00a2c39e90264f33305004495a9","hash":"6f46e86650894b77a718eef8208f830680baa66e"}
,"C:\\Users\\ruben\\OneDrive\\Dokumenter\\AA NTNU\\INFT2002\\prosjektoppgave\\gruppe9\\server\\src\\svar-router.ts": {"path":"C:\\Users\\ruben\\OneDrive\\Dokumenter\\AA NTNU\\INFT2002\\prosjektoppgave\\gruppe9\\server\\src\\svar-router.ts","statementMap":{"0":{"start":{"line":7,"column":15},"end":{"line":7,"column":31}},"1":{"start":{"line":9,"column":0},"end":{"line":15,"column":3}},"2":{"start":{"line":10,"column":28},"end":{"line":10,"column":61}},"3":{"start":{"line":11,"column":1},"end":{"line":14,"column":54}},"4":{"start":{"line":13,"column":18},"end":{"line":13,"column":37}},"5":{"start":{"line":14,"column":20},"end":{"line":14,"column":52}},"6":{"start":{"line":17,"column":0},"end":{"line":28,"column":3}},"7":{"start":{"line":18,"column":28},"end":{"line":18,"column":61}},"8":{"start":{"line":19,"column":24},"end":{"line":19,"column":53}},"9":{"start":{"line":20,"column":1},"end":{"line":27,"column":54}},"10":{"start":{"line":23,"column":3},"end":{"line":25,"column":52}},"11":{"start":{"line":27,"column":20},"end":{"line":27,"column":52}},"12":{"start":{"line":32,"column":0},"end":{"line":47,"column":3}},"13":{"start":{"line":33,"column":1},"end":{"line":34,"column":73}},"14":{"start":{"line":34,"column":2},"end":{"line":34,"column":73}},"15":{"start":{"line":35,"column":14},"end":{"line":35,"column":26}},"16":{"start":{"line":36,"column":21},"end":{"line":36,"column":67}},"17":{"start":{"line":37,"column":1},"end":{"line":37,"column":35}},"18":{"start":{"line":38,"column":1},"end":{"line":38,"column":41}},"19":{"start":{"line":39,"column":1},"end":{"line":46,"column":54}},"20":{"start":{"line":40,"column":2},"end":{"line":45,"column":6}},"21":{"start":{"line":42,"column":17},"end":{"line":42,"column":42}},"22":{"start":{"line":44,"column":4},"end":{"line":44,"column":37}},"23":{"start":{"line":46,"column":6},"end":{"line":46,"column":54}},"24":{"start":{"line":49,"column":0},"end":{"line":64,"column":3}},"25":{"start":{"line":50,"column":14},"end":{"line":50,"column":29}},"26":{"start":{"line":51,"column":20},"end":{"line":51,"column":35}},"27":{"start":{"line":52,"column":1},"end":{"line":63,"column":57}},"28":{"start":{"line":59,"column":2},"end":{"line":62,"column":55}},"29":{"start":{"line":61,"column":15},"end":{"line":61,"column":30}},"30":{"start":{"line":62,"column":21},"end":{"line":62,"column":53}},"31":{"start":{"line":63,"column":8},"end":{"line":63,"column":57}},"32":{"start":{"line":66,"column":0},"end":{"line":72,"column":3}},"33":{"start":{"line":67,"column":24},"end":{"line":67,"column":53}},"34":{"start":{"line":68,"column":1},"end":{"line":71,"column":54}},"35":{"start":{"line":70,"column":21},"end":{"line":70,"column":36}},"36":{"start":{"line":71,"column":20},"end":{"line":71,"column":52}}},"fnMap":{"0":{"name":"(anonymous_0)","decl":{"start":{"line":9,"column":41},"end":{"line":9,"column":42}},"loc":{"start":{"line":9,"column":64},"end":{"line":15,"column":1}},"line":9},"1":{"name":"(anonymous_1)","decl":{"start":{"line":13,"column":8},"end":{"line":13,"column":9}},"loc":{"start":{"line":13,"column":18},"end":{"line":13,"column":37}},"line":13},"2":{"name":"(anonymous_2)","decl":{"start":{"line":14,"column":9},"end":{"line":14,"column":10}},"loc":{"start":{"line":14,"column":20},"end":{"line":14,"column":52}},"line":14},"3":{"name":"(anonymous_3)","decl":{"start":{"line":17,"column":49},"end":{"line":17,"column":50}},"loc":{"start":{"line":17,"column":72},"end":{"line":28,"column":1}},"line":17},"4":{"name":"(anonymous_4)","decl":{"start":{"line":22,"column":8},"end":{"line":22,"column":9}},"loc":{"start":{"line":22,"column":18},"end":{"line":26,"column":3}},"line":22},"5":{"name":"(anonymous_5)","decl":{"start":{"line":27,"column":9},"end":{"line":27,"column":10}},"loc":{"start":{"line":27,"column":20},"end":{"line":27,"column":52}},"line":27},"6":{"name":"(anonymous_6)","decl":{"start":{"line":32,"column":42},"end":{"line":32,"column":43}},"loc":{"start":{"line":32,"column":65},"end":{"line":47,"column":1}},"line":32},"7":{"name":"(anonymous_7)","decl":{"start":{"line":42,"column":9},"end":{"line":42,"column":10}},"loc":{"start":{"line":42,"column":17},"end":{"line":42,"column":42}},"line":42},"8":{"name":"(anonymous_8)","decl":{"start":{"line":43,"column":10},"end":{"line":43,"column":11}},"loc":{"start":{"line":43,"column":21},"end":{"line":45,"column":4}},"line":43},"9":{"name":"(anonymous_9)","decl":{"start":{"line":49,"column":41},"end":{"line":49,"column":42}},"loc":{"start":{"line":49,"column":64},"end":{"line":64,"column":1}},"line":49},"10":{"name":"(anonymous_10)","decl":{"start":{"line":61,"column":9},"end":{"line":61,"column":10}},"loc":{"start":{"line":61,"column":15},"end":{"line":61,"column":30}},"line":61},"11":{"name":"(anonymous_11)","decl":{"start":{"line":62,"column":10},"end":{"line":62,"column":11}},"loc":{"start":{"line":62,"column":21},"end":{"line":62,"column":53}},"line":62},"12":{"name":"(anonymous_12)","decl":{"start":{"line":66,"column":52},"end":{"line":66,"column":53}},"loc":{"start":{"line":66,"column":75},"end":{"line":72,"column":1}},"line":66},"13":{"name":"(anonymous_13)","decl":{"start":{"line":70,"column":8},"end":{"line":70,"column":9}},"loc":{"start":{"line":70,"column":21},"end":{"line":70,"column":36}},"line":70},"14":{"name":"(anonymous_14)","decl":{"start":{"line":71,"column":9},"end":{"line":71,"column":10}},"loc":{"start":{"line":71,"column":20},"end":{"line":71,"column":52}},"line":71}},"branchMap":{"0":{"loc":{"start":{"line":23,"column":3},"end":{"line":25,"column":51}},"type":"cond-expr","locations":[{"start":{"line":24,"column":6},"end":{"line":24,"column":25}},{"start":{"line":25,"column":6},"end":{"line":25,"column":51}}],"line":23},"1":{"loc":{"start":{"line":33,"column":1},"end":{"line":34,"column":73}},"type":"if","locations":[{"start":{"line":33,"column":1},"end":{"line":34,"column":73}},{"start":{},"end":{}}],"line":33},"2":{"loc":{"start":{"line":39,"column":1},"end":{"line":46,"column":54}},"type":"if","locations":[{"start":{"line":39,"column":1},"end":{"line":46,"column":54}},{"start":{"line":46,"column":6},"end":{"line":46,"column":54}}],"line":39},"3":{"loc":{"start":{"line":39,"column":5},"end":{"line":39,"column":57}},"type":"binary-expr","locations":[{"start":{"line":39,"column":5},"end":{"line":39,"column":9}},{"start":{"line":39,"column":13},"end":{"line":39,"column":27}},{"start":{"line":39,"column":31},"end":{"line":39,"column":57}}],"line":39},"4":{"loc":{"start":{"line":52,"column":1},"end":{"line":63,"column":57}},"type":"if","locations":[{"start":{"line":52,"column":1},"end":{"line":63,"column":57}},{"start":{"line":63,"column":8},"end":{"line":63,"column":57}}],"line":52},"5":{"loc":{"start":{"line":53,"column":2},"end":{"line":57,"column":36}},"type":"binary-expr","locations":[{"start":{"line":53,"column":2},"end":{"line":53,"column":32}},{"start":{"line":54,"column":2},"end":{"line":54,"column":35}},{"start":{"line":55,"column":2},"end":{"line":55,"column":27}},{"start":{"line":56,"column":2},"end":{"line":56,"column":31}},{"start":{"line":57,"column":2},"end":{"line":57,"column":36}}],"line":53}},"s":{"0":5,"1":5,"2":1,"3":1,"4":1,"5":0,"6":5,"7":2,"8":2,"9":2,"10":2,"11":0,"12":5,"13":1,"14":0,"15":1,"16":1,"17":1,"18":1,"19":1,"20":1,"21":1,"22":0,"23":0,"24":5,"25":1,"26":1,"27":1,"28":1,"29":1,"30":0,"31":0,"32":5,"33":2,"34":2,"35":2,"36":0},"f":{"0":1,"1":1,"2":0,"3":2,"4":2,"5":0,"6":1,"7":1,"8":0,"9":1,"10":1,"11":0,"12":2,"13":2,"14":0},"b":{"0":[1,1],"1":[0,1],"2":[1,0],"3":[1,1,1],"4":[1,0],"5":[1,1,1,1,1]},"_coverageSchema":"1a1c01bbd47fc00a2c39e90264f33305004495a9","hash":"1c6cbe4bc7098a76650d03c846c0490df13df9ee"}
,"C:\\Users\\ruben\\OneDrive\\Dokumenter\\AA NTNU\\INFT2002\\prosjektoppgave\\gruppe9\\server\\src\\svar-service.ts": {"path":"C:\\Users\\ruben\\OneDrive\\Dokumenter\\AA NTNU\\INFT2002\\prosjektoppgave\\gruppe9\\server\\src\\svar-service.ts","statementMap":{"0":{"start":{"line":21,"column":2},"end":{"line":39,"column":5}},"1":{"start":{"line":22,"column":3},"end":{"line":38,"column":5}},"2":{"start":{"line":26,"column":5},"end":{"line":26,"column":37}},"3":{"start":{"line":26,"column":16},"end":{"line":26,"column":37}},"4":{"start":{"line":28,"column":28},"end":{"line":34,"column":7}},"5":{"start":{"line":29,"column":6},"end":{"line":33,"column":8}},"6":{"start":{"line":36,"column":5},"end":{"line":36,"column":40}},"7":{"start":{"line":46,"column":2},"end":{"line":64,"column":5}},"8":{"start":{"line":47,"column":3},"end":{"line":63,"column":5}},"9":{"start":{"line":51,"column":5},"end":{"line":51,"column":37}},"10":{"start":{"line":51,"column":16},"end":{"line":51,"column":37}},"11":{"start":{"line":53,"column":28},"end":{"line":59,"column":7}},"12":{"start":{"line":54,"column":6},"end":{"line":58,"column":8}},"13":{"start":{"line":61,"column":5},"end":{"line":61,"column":39}},"14":{"start":{"line":73,"column":19},"end":{"line":73,"column":57}},"15":{"start":{"line":74,"column":25},"end":{"line":74,"column":69}},"16":{"start":{"line":76,"column":2},"end":{"line":111,"column":5}},"17":{"start":{"line":77,"column":3},"end":{"line":110,"column":5}},"18":{"start":{"line":89,"column":5},"end":{"line":91,"column":6}},"19":{"start":{"line":90,"column":6},"end":{"line":90,"column":27}},"20":{"start":{"line":96,"column":5},"end":{"line":106,"column":7}},"21":{"start":{"line":100,"column":7},"end":{"line":102,"column":8}},"22":{"start":{"line":101,"column":8},"end":{"line":101,"column":29}},"23":{"start":{"line":103,"column":7},"end":{"line":104,"column":49}},"24":{"start":{"line":104,"column":8},"end":{"line":104,"column":49}},"25":{"start":{"line":108,"column":5},"end":{"line":108,"column":31}},"26":{"start":{"line":118,"column":25},"end":{"line":120,"column":59}},"27":{"start":{"line":121,"column":2},"end":{"line":136,"column":5}},"28":{"start":{"line":125,"column":3},"end":{"line":135,"column":5}},"29":{"start":{"line":129,"column":5},"end":{"line":129,"column":37}},"30":{"start":{"line":129,"column":16},"end":{"line":129,"column":37}},"31":{"start":{"line":130,"column":5},"end":{"line":131,"column":47}},"32":{"start":{"line":131,"column":6},"end":{"line":131,"column":47}},"33":{"start":{"line":133,"column":5},"end":{"line":133,"column":35}},"34":{"start":{"line":143,"column":2},"end":{"line":246,"column":5}},"35":{"start":{"line":156,"column":3},"end":{"line":165,"column":4}},"36":{"start":{"line":157,"column":4},"end":{"line":164,"column":6}},"37":{"start":{"line":161,"column":6},"end":{"line":161,"column":38}},"38":{"start":{"line":161,"column":17},"end":{"line":161,"column":38}},"39":{"start":{"line":162,"column":6},"end":{"line":162,"column":16}},"40":{"start":{"line":168,"column":3},"end":{"line":184,"column":5}},"41":{"start":{"line":172,"column":5},"end":{"line":172,"column":37}},"42":{"start":{"line":172,"column":16},"end":{"line":172,"column":37}},"43":{"start":{"line":173,"column":5},"end":{"line":182,"column":6}},"44":{"start":{"line":174,"column":6},"end":{"line":181,"column":8}},"45":{"start":{"line":178,"column":8},"end":{"line":178,"column":40}},"46":{"start":{"line":178,"column":19},"end":{"line":178,"column":40}},"47":{"start":{"line":179,"column":8},"end":{"line":179,"column":18}},"48":{"start":{"line":190,"column":4},"end":{"line":216,"column":7}},"49":{"start":{"line":192,"column":5},"end":{"line":215,"column":7}},"50":{"start":{"line":196,"column":7},"end":{"line":196,"column":39}},"51":{"start":{"line":196,"column":18},"end":{"line":196,"column":39}},"52":{"start":{"line":198,"column":37},"end":{"line":200,"column":8}},"53":{"start":{"line":199,"column":8},"end":{"line":199,"column":34}},"54":{"start":{"line":201,"column":7},"end":{"line":213,"column":41}},"55":{"start":{"line":204,"column":9},"end":{"line":211,"column":11}},"56":{"start":{"line":208,"column":11},"end":{"line":208,"column":43}},"57":{"start":{"line":208,"column":22},"end":{"line":208,"column":43}},"58":{"start":{"line":209,"column":11},"end":{"line":209,"column":21}},"59":{"start":{"line":213,"column":26},"end":{"line":213,"column":39}},"60":{"start":{"line":219,"column":3},"end":{"line":245,"column":37}},"61":{"start":{"line":222,"column":5},"end":{"line":241,"column":7}},"62":{"start":{"line":226,"column":7},"end":{"line":226,"column":39}},"63":{"start":{"line":226,"column":18},"end":{"line":226,"column":39}},"64":{"start":{"line":227,"column":7},"end":{"line":239,"column":8}},"65":{"start":{"line":228,"column":8},"end":{"line":238,"column":10}},"66":{"start":{"line":232,"column":10},"end":{"line":234,"column":11}},"67":{"start":{"line":233,"column":11},"end":{"line":233,"column":32}},"68":{"start":{"line":235,"column":10},"end":{"line":236,"column":52}},"69":{"start":{"line":236,"column":11},"end":{"line":236,"column":52}},"70":{"start":{"line":243,"column":5},"end":{"line":243,"column":15}},"71":{"start":{"line":245,"column":22},"end":{"line":245,"column":35}},"72":{"start":{"line":250,"column":20},"end":{"line":250,"column":37}}},"fnMap":{"0":{"name":"(anonymous_0)","decl":{"start":{"line":19,"column":1},"end":{"line":19,"column":2}},"loc":{"start":{"line":19,"column":41},"end":{"line":40,"column":2}},"line":19},"1":{"name":"(anonymous_1)","decl":{"start":{"line":21,"column":39},"end":{"line":21,"column":40}},"loc":{"start":{"line":21,"column":60},"end":{"line":39,"column":3}},"line":21},"2":{"name":"(anonymous_2)","decl":{"start":{"line":25,"column":4},"end":{"line":25,"column":5}},"loc":{"start":{"line":25,"column":41},"end":{"line":37,"column":5}},"line":25},"3":{"name":"(anonymous_3)","decl":{"start":{"line":28,"column":40},"end":{"line":28,"column":41}},"loc":{"start":{"line":28,"column":52},"end":{"line":34,"column":6}},"line":28},"4":{"name":"(anonymous_4)","decl":{"start":{"line":45,"column":1},"end":{"line":45,"column":2}},"loc":{"start":{"line":45,"column":28},"end":{"line":65,"column":2}},"line":45},"5":{"name":"(anonymous_5)","decl":{"start":{"line":46,"column":29},"end":{"line":46,"column":30}},"loc":{"start":{"line":46,"column":50},"end":{"line":64,"column":3}},"line":46},"6":{"name":"(anonymous_6)","decl":{"start":{"line":50,"column":4},"end":{"line":50,"column":5}},"loc":{"start":{"line":50,"column":41},"end":{"line":62,"column":5}},"line":50},"7":{"name":"(anonymous_7)","decl":{"start":{"line":53,"column":40},"end":{"line":53,"column":41}},"loc":{"start":{"line":53,"column":52},"end":{"line":59,"column":6}},"line":53},"8":{"name":"(anonymous_8)","decl":{"start":{"line":72,"column":1},"end":{"line":72,"column":2}},"loc":{"start":{"line":72,"column":20},"end":{"line":112,"column":2}},"line":72},"9":{"name":"(anonymous_9)","decl":{"start":{"line":76,"column":29},"end":{"line":76,"column":30}},"loc":{"start":{"line":76,"column":50},"end":{"line":111,"column":3}},"line":76},"10":{"name":"(anonymous_10)","decl":{"start":{"line":88,"column":4},"end":{"line":88,"column":5}},"loc":{"start":{"line":88,"column":41},"end":{"line":109,"column":5}},"line":88},"11":{"name":"(anonymous_11)","decl":{"start":{"line":99,"column":6},"end":{"line":99,"column":7}},"loc":{"start":{"line":99,"column":43},"end":{"line":105,"column":7}},"line":99},"12":{"name":"(anonymous_12)","decl":{"start":{"line":117,"column":1},"end":{"line":117,"column":2}},"loc":{"start":{"line":117,"column":41},"end":{"line":137,"column":2}},"line":117},"13":{"name":"(anonymous_13)","decl":{"start":{"line":121,"column":29},"end":{"line":121,"column":30}},"loc":{"start":{"line":121,"column":50},"end":{"line":136,"column":3}},"line":121},"14":{"name":"(anonymous_14)","decl":{"start":{"line":128,"column":4},"end":{"line":128,"column":5}},"loc":{"start":{"line":128,"column":41},"end":{"line":134,"column":5}},"line":128},"15":{"name":"(anonymous_15)","decl":{"start":{"line":142,"column":1},"end":{"line":142,"column":2}},"loc":{"start":{"line":142,"column":60},"end":{"line":247,"column":2}},"line":142},"16":{"name":"(anonymous_16)","decl":{"start":{"line":143,"column":27},"end":{"line":143,"column":28}},"loc":{"start":{"line":143,"column":48},"end":{"line":246,"column":3}},"line":143},"17":{"name":"(anonymous_17)","decl":{"start":{"line":160,"column":5},"end":{"line":160,"column":6}},"loc":{"start":{"line":160,"column":42},"end":{"line":163,"column":6}},"line":160},"18":{"name":"(anonymous_18)","decl":{"start":{"line":171,"column":4},"end":{"line":171,"column":5}},"loc":{"start":{"line":171,"column":41},"end":{"line":183,"column":5}},"line":171},"19":{"name":"(anonymous_19)","decl":{"start":{"line":177,"column":7},"end":{"line":177,"column":8}},"loc":{"start":{"line":177,"column":45},"end":{"line":180,"column":8}},"line":177},"20":{"name":"deleteComments","decl":{"start":{"line":189,"column":12},"end":{"line":189,"column":26}},"loc":{"start":{"line":189,"column":61},"end":{"line":217,"column":4}},"line":189},"21":{"name":"(anonymous_21)","decl":{"start":{"line":190,"column":29},"end":{"line":190,"column":30}},"loc":{"start":{"line":190,"column":50},"end":{"line":216,"column":5}},"line":190},"22":{"name":"(anonymous_22)","decl":{"start":{"line":195,"column":6},"end":{"line":195,"column":7}},"loc":{"start":{"line":195,"column":40},"end":{"line":214,"column":7}},"line":195},"23":{"name":"(anonymous_23)","decl":{"start":{"line":198,"column":46},"end":{"line":198,"column":47}},"loc":{"start":{"line":199,"column":8},"end":{"line":199,"column":34}},"line":199},"24":{"name":"(anonymous_24)","decl":{"start":{"line":202,"column":14},"end":{"line":202,"column":15}},"loc":{"start":{"line":202,"column":20},"end":{"line":212,"column":9}},"line":202},"25":{"name":"(anonymous_25)","decl":{"start":{"line":207,"column":10},"end":{"line":207,"column":11}},"loc":{"start":{"line":207,"column":48},"end":{"line":210,"column":11}},"line":207},"26":{"name":"(anonymous_26)","decl":{"start":{"line":213,"column":15},"end":{"line":213,"column":16}},"loc":{"start":{"line":213,"column":26},"end":{"line":213,"column":39}},"line":213},"27":{"name":"(anonymous_27)","decl":{"start":{"line":220,"column":10},"end":{"line":220,"column":11}},"loc":{"start":{"line":220,"column":16},"end":{"line":244,"column":5}},"line":220},"28":{"name":"(anonymous_28)","decl":{"start":{"line":225,"column":6},"end":{"line":225,"column":7}},"loc":{"start":{"line":225,"column":43},"end":{"line":240,"column":7}},"line":225},"29":{"name":"(anonymous_29)","decl":{"start":{"line":231,"column":9},"end":{"line":231,"column":10}},"loc":{"start":{"line":231,"column":46},"end":{"line":237,"column":10}},"line":231},"30":{"name":"(anonymous_30)","decl":{"start":{"line":245,"column":11},"end":{"line":245,"column":12}},"loc":{"start":{"line":245,"column":22},"end":{"line":245,"column":35}},"line":245}},"branchMap":{"0":{"loc":{"start":{"line":26,"column":5},"end":{"line":26,"column":37}},"type":"if","locations":[{"start":{"line":26,"column":5},"end":{"line":26,"column":37}},{"start":{},"end":{}}],"line":26},"1":{"loc":{"start":{"line":51,"column":5},"end":{"line":51,"column":37}},"type":"if","locations":[{"start":{"line":51,"column":5},"end":{"line":51,"column":37}},{"start":{},"end":{}}],"line":51},"2":{"loc":{"start":{"line":89,"column":5},"end":{"line":91,"column":6}},"type":"if","locations":[{"start":{"line":89,"column":5},"end":{"line":91,"column":6}},{"start":{},"end":{}}],"line":89},"3":{"loc":{"start":{"line":100,"column":7},"end":{"line":102,"column":8}},"type":"if","locations":[{"start":{"line":100,"column":7},"end":{"line":102,"column":8}},{"start":{},"end":{}}],"line":100},"4":{"loc":{"start":{"line":103,"column":7},"end":{"line":104,"column":49}},"type":"if","locations":[{"start":{"line":103,"column":7},"end":{"line":104,"column":49}},{"start":{},"end":{}}],"line":103},"5":{"loc":{"start":{"line":118,"column":25},"end":{"line":120,"column":59}},"type":"cond-expr","locations":[{"start":{"line":119,"column":5},"end":{"line":119,"column":44}},{"start":{"line":120,"column":5},"end":{"line":120,"column":59}}],"line":118},"6":{"loc":{"start":{"line":129,"column":5},"end":{"line":129,"column":37}},"type":"if","locations":[{"start":{"line":129,"column":5},"end":{"line":129,"column":37}},{"start":{},"end":{}}],"line":129},"7":{"loc":{"start":{"line":130,"column":5},"end":{"line":131,"column":47}},"type":"if","locations":[{"start":{"line":130,"column":5},"end":{"line":131,"column":47}},{"start":{},"end":{}}],"line":130},"8":{"loc":{"start":{"line":156,"column":3},"end":{"line":165,"column":4}},"type":"if","locations":[{"start":{"line":156,"column":3},"end":{"line":165,"column":4}},{"start":{},"end":{}}],"line":156},"9":{"loc":{"start":{"line":161,"column":6},"end":{"line":161,"column":38}},"type":"if","locations":[{"start":{"line":161,"column":6},"end":{"line":161,"column":38}},{"start":{},"end":{}}],"line":161},"10":{"loc":{"start":{"line":172,"column":5},"end":{"line":172,"column":37}},"type":"if","locations":[{"start":{"line":172,"column":5},"end":{"line":172,"column":37}},{"start":{},"end":{}}],"line":172},"11":{"loc":{"start":{"line":173,"column":5},"end":{"line":182,"column":6}},"type":"if","locations":[{"start":{"line":173,"column":5},"end":{"line":182,"column":6}},{"start":{},"end":{}}],"line":173},"12":{"loc":{"start":{"line":178,"column":8},"end":{"line":178,"column":40}},"type":"if","locations":[{"start":{"line":178,"column":8},"end":{"line":178,"column":40}},{"start":{},"end":{}}],"line":178},"13":{"loc":{"start":{"line":196,"column":7},"end":{"line":196,"column":39}},"type":"if","locations":[{"start":{"line":196,"column":7},"end":{"line":196,"column":39}},{"start":{},"end":{}}],"line":196},"14":{"loc":{"start":{"line":208,"column":11},"end":{"line":208,"column":43}},"type":"if","locations":[{"start":{"line":208,"column":11},"end":{"line":208,"column":43}},{"start":{},"end":{}}],"line":208},"15":{"loc":{"start":{"line":226,"column":7},"end":{"line":226,"column":39}},"type":"if","locations":[{"start":{"line":226,"column":7},"end":{"line":226,"column":39}},{"start":{},"end":{}}],"line":226},"16":{"loc":{"start":{"line":227,"column":7},"end":{"line":239,"column":8}},"type":"if","locations":[{"start":{"line":227,"column":7},"end":{"line":239,"column":8}},{"start":{},"end":{}}],"line":227},"17":{"loc":{"start":{"line":232,"column":10},"end":{"line":234,"column":11}},"type":"if","locations":[{"start":{"line":232,"column":10},"end":{"line":234,"column":11}},{"start":{},"end":{}}],"line":232},"18":{"loc":{"start":{"line":235,"column":10},"end":{"line":236,"column":52}},"type":"if","locations":[{"start":{"line":235,"column":10},"end":{"line":236,"column":52}},{"start":{},"end":{}}],"line":235}},"s":{"0":2,"1":2,"2":2,"3":0,"4":2,"5":1,"6":2,"7":1,"8":1,"9":1,"10":0,"11":1,"12":2,"13":1,"14":31,"15":31,"16":31,"17":31,"18":31,"19":0,"20":31,"21":31,"22":0,"23":31,"24":7,"25":31,"26":1,"27":1,"28":1,"29":1,"30":0,"31":1,"32":0,"33":1,"34":3,"35":3,"36":1,"37":1,"38":0,"39":1,"40":3,"41":3,"42":0,"43":3,"44":2,"45":2,"46":1,"47":1,"48":4,"49":4,"50":3,"51":0,"52":3,"53":1,"54":3,"55":3,"56":3,"57":0,"58":3,"59":0,"60":3,"61":2,"62":2,"63":0,"64":2,"65":2,"66":2,"67":1,"68":1,"69":0,"70":2,"71":0,"72":5},"f":{"0":2,"1":2,"2":2,"3":1,"4":1,"5":1,"6":1,"7":2,"8":31,"9":31,"10":31,"11":31,"12":1,"13":1,"14":1,"15":3,"16":3,"17":1,"18":3,"19":2,"20":4,"21":4,"22":3,"23":1,"24":3,"25":3,"26":0,"27":2,"28":2,"29":2,"30":0},"b":{"0":[0,2],"1":[0,1],"2":[0,31],"3":[0,31],"4":[7,24],"5":[0,1],"6":[0,1],"7":[0,1],"8":[1,2],"9":[0,1],"10":[0,3],"11":[2,1],"12":[1,1],"13":[0,3],"14":[0,3],"15":[0,2],"16":[2,0],"17":[1,1],"18":[0,1]},"_coverageSchema":"1a1c01bbd47fc00a2c39e90264f33305004495a9","hash":"d1c8301728a8acdfc4f949a1d73c18c7c804e47c"}
,"C:\\Users\\ruben\\OneDrive\\Dokumenter\\AA NTNU\\INFT2002\\prosjektoppgave\\gruppe9\\server\\src\\tag-router.ts": {"path":"C:\\Users\\ruben\\OneDrive\\Dokumenter\\AA NTNU\\INFT2002\\prosjektoppgave\\gruppe9\\server\\src\\tag-router.ts","statementMap":{"0":{"start":{"line":7,"column":15},"end":{"line":7,"column":31}},"1":{"start":{"line":9,"column":0},"end":{"line":14,"column":3}},"2":{"start":{"line":10,"column":1},"end":{"line":13,"column":54}},"3":{"start":{"line":12,"column":18},"end":{"line":12,"column":37}},"4":{"start":{"line":13,"column":20},"end":{"line":13,"column":52}},"5":{"start":{"line":16,"column":0},"end":{"line":26,"column":3}},"6":{"start":{"line":17,"column":15},"end":{"line":17,"column":43}},"7":{"start":{"line":18,"column":1},"end":{"line":25,"column":54}},"8":{"start":{"line":21,"column":3},"end":{"line":23,"column":55}},"9":{"start":{"line":25,"column":20},"end":{"line":25,"column":52}},"10":{"start":{"line":30,"column":0},"end":{"line":39,"column":3}},"11":{"start":{"line":31,"column":14},"end":{"line":31,"column":26}},"12":{"start":{"line":32,"column":1},"end":{"line":37,"column":5}},"13":{"start":{"line":34,"column":16},"end":{"line":34,"column":37}},"14":{"start":{"line":36,"column":3},"end":{"line":36,"column":36}},"15":{"start":{"line":41,"column":0},"end":{"line":48,"column":3}},"16":{"start":{"line":42,"column":14},"end":{"line":42,"column":26}},"17":{"start":{"line":43,"column":1},"end":{"line":46,"column":54}},"18":{"start":{"line":45,"column":14},"end":{"line":45,"column":29}},"19":{"start":{"line":46,"column":20},"end":{"line":46,"column":52}},"20":{"start":{"line":50,"column":0},"end":{"line":55,"column":3}},"21":{"start":{"line":51,"column":1},"end":{"line":54,"column":54}},"22":{"start":{"line":53,"column":21},"end":{"line":53,"column":36}},"23":{"start":{"line":54,"column":20},"end":{"line":54,"column":52}}},"fnMap":{"0":{"name":"(anonymous_0)","decl":{"start":{"line":9,"column":19},"end":{"line":9,"column":20}},"loc":{"start":{"line":9,"column":43},"end":{"line":14,"column":1}},"line":9},"1":{"name":"(anonymous_1)","decl":{"start":{"line":12,"column":8},"end":{"line":12,"column":9}},"loc":{"start":{"line":12,"column":18},"end":{"line":12,"column":37}},"line":12},"2":{"name":"(anonymous_2)","decl":{"start":{"line":13,"column":9},"end":{"line":13,"column":10}},"loc":{"start":{"line":13,"column":20},"end":{"line":13,"column":52}},"line":13},"3":{"name":"(anonymous_3)","decl":{"start":{"line":16,"column":26},"end":{"line":16,"column":27}},"loc":{"start":{"line":16,"column":49},"end":{"line":26,"column":1}},"line":16},"4":{"name":"(anonymous_4)","decl":{"start":{"line":20,"column":8},"end":{"line":20,"column":9}},"loc":{"start":{"line":21,"column":3},"end":{"line":23,"column":55}},"line":21},"5":{"name":"(anonymous_5)","decl":{"start":{"line":25,"column":9},"end":{"line":25,"column":10}},"loc":{"start":{"line":25,"column":20},"end":{"line":25,"column":52}},"line":25},"6":{"name":"(anonymous_6)","decl":{"start":{"line":30,"column":20},"end":{"line":30,"column":21}},"loc":{"start":{"line":30,"column":43},"end":{"line":39,"column":1}},"line":30},"7":{"name":"(anonymous_7)","decl":{"start":{"line":34,"column":8},"end":{"line":34,"column":9}},"loc":{"start":{"line":34,"column":16},"end":{"line":34,"column":37}},"line":34},"8":{"name":"(anonymous_8)","decl":{"start":{"line":35,"column":9},"end":{"line":35,"column":10}},"loc":{"start":{"line":35,"column":20},"end":{"line":37,"column":3}},"line":35},"9":{"name":"(anonymous_9)","decl":{"start":{"line":41,"column":19},"end":{"line":41,"column":20}},"loc":{"start":{"line":41,"column":42},"end":{"line":48,"column":1}},"line":41},"10":{"name":"(anonymous_10)","decl":{"start":{"line":45,"column":8},"end":{"line":45,"column":9}},"loc":{"start":{"line":45,"column":14},"end":{"line":45,"column":29}},"line":45},"11":{"name":"(anonymous_11)","decl":{"start":{"line":46,"column":9},"end":{"line":46,"column":10}},"loc":{"start":{"line":46,"column":20},"end":{"line":46,"column":52}},"line":46},"12":{"name":"(anonymous_12)","decl":{"start":{"line":50,"column":29},"end":{"line":50,"column":30}},"loc":{"start":{"line":50,"column":52},"end":{"line":55,"column":1}},"line":50},"13":{"name":"(anonymous_13)","decl":{"start":{"line":53,"column":8},"end":{"line":53,"column":9}},"loc":{"start":{"line":53,"column":21},"end":{"line":53,"column":36}},"line":53},"14":{"name":"(anonymous_14)","decl":{"start":{"line":54,"column":9},"end":{"line":54,"column":10}},"loc":{"start":{"line":54,"column":20},"end":{"line":54,"column":52}},"line":54}},"branchMap":{"0":{"loc":{"start":{"line":21,"column":3},"end":{"line":23,"column":55}},"type":"cond-expr","locations":[{"start":{"line":22,"column":6},"end":{"line":22,"column":29}},{"start":{"line":23,"column":6},"end":{"line":23,"column":55}}],"line":21}},"s":{"0":5,"1":5,"2":1,"3":1,"4":0,"5":5,"6":2,"7":2,"8":2,"9":0,"10":5,"11":1,"12":1,"13":1,"14":0,"15":5,"16":1,"17":1,"18":1,"19":0,"20":5,"21":1,"22":1,"23":0},"f":{"0":1,"1":1,"2":0,"3":2,"4":2,"5":0,"6":1,"7":1,"8":0,"9":1,"10":1,"11":0,"12":1,"13":1,"14":0},"b":{"0":[1,1]},"_coverageSchema":"1a1c01bbd47fc00a2c39e90264f33305004495a9","hash":"e0abd7cd4607a5881242808b5a2b48b2fc2d95ad"}
,"C:\\Users\\ruben\\OneDrive\\Dokumenter\\AA NTNU\\INFT2002\\prosjektoppgave\\gruppe9\\server\\src\\tag-service.ts": {"path":"C:\\Users\\ruben\\OneDrive\\Dokumenter\\AA NTNU\\INFT2002\\prosjektoppgave\\gruppe9\\server\\src\\tag-service.ts","statementMap":{"0":{"start":{"line":16,"column":2},"end":{"line":32,"column":5}},"1":{"start":{"line":17,"column":3},"end":{"line":31,"column":5}},"2":{"start":{"line":21,"column":5},"end":{"line":21,"column":37}},"3":{"start":{"line":21,"column":16},"end":{"line":21,"column":37}},"4":{"start":{"line":23,"column":28},"end":{"line":27,"column":7}},"5":{"start":{"line":24,"column":6},"end":{"line":26,"column":8}},"6":{"start":{"line":29,"column":5},"end":{"line":29,"column":39}},"7":{"start":{"line":38,"column":2},"end":{"line":54,"column":5}},"8":{"start":{"line":39,"column":3},"end":{"line":53,"column":5}},"9":{"start":{"line":43,"column":5},"end":{"line":43,"column":37}},"10":{"start":{"line":43,"column":16},"end":{"line":43,"column":37}},"11":{"start":{"line":45,"column":28},"end":{"line":49,"column":7}},"12":{"start":{"line":46,"column":6},"end":{"line":48,"column":8}},"13":{"start":{"line":51,"column":5},"end":{"line":51,"column":38}},"14":{"start":{"line":63,"column":2},"end":{"line":74,"column":5}},"15":{"start":{"line":64,"column":3},"end":{"line":73,"column":5}},"16":{"start":{"line":68,"column":5},"end":{"line":70,"column":6}},"17":{"start":{"line":69,"column":6},"end":{"line":69,"column":27}},"18":{"start":{"line":71,"column":5},"end":{"line":71,"column":31}},"19":{"start":{"line":81,"column":2},"end":{"line":94,"column":5}},"20":{"start":{"line":83,"column":3},"end":{"line":93,"column":5}},"21":{"start":{"line":87,"column":5},"end":{"line":87,"column":37}},"22":{"start":{"line":87,"column":16},"end":{"line":87,"column":37}},"23":{"start":{"line":88,"column":5},"end":{"line":89,"column":47}},"24":{"start":{"line":89,"column":6},"end":{"line":89,"column":47}},"25":{"start":{"line":91,"column":5},"end":{"line":91,"column":35}},"26":{"start":{"line":103,"column":2},"end":{"line":114,"column":5}},"27":{"start":{"line":104,"column":3},"end":{"line":113,"column":5}},"28":{"start":{"line":108,"column":5},"end":{"line":108,"column":37}},"29":{"start":{"line":108,"column":16},"end":{"line":108,"column":37}},"30":{"start":{"line":109,"column":5},"end":{"line":109,"column":75}},"31":{"start":{"line":109,"column":36},"end":{"line":109,"column":75}},"32":{"start":{"line":111,"column":5},"end":{"line":111,"column":15}},"33":{"start":{"line":118,"column":19},"end":{"line":118,"column":35}}},"fnMap":{"0":{"name":"(anonymous_0)","decl":{"start":{"line":14,"column":1},"end":{"line":14,"column":2}},"loc":{"start":{"line":14,"column":17},"end":{"line":33,"column":2}},"line":14},"1":{"name":"(anonymous_1)","decl":{"start":{"line":16,"column":38},"end":{"line":16,"column":39}},"loc":{"start":{"line":16,"column":59},"end":{"line":32,"column":3}},"line":16},"2":{"name":"(anonymous_2)","decl":{"start":{"line":20,"column":4},"end":{"line":20,"column":5}},"loc":{"start":{"line":20,"column":41},"end":{"line":30,"column":5}},"line":20},"3":{"name":"(anonymous_3)","decl":{"start":{"line":23,"column":40},"end":{"line":23,"column":41}},"loc":{"start":{"line":23,"column":52},"end":{"line":27,"column":6}},"line":23},"4":{"name":"(anonymous_4)","decl":{"start":{"line":37,"column":1},"end":{"line":37,"column":2}},"loc":{"start":{"line":37,"column":10},"end":{"line":55,"column":2}},"line":37},"5":{"name":"(anonymous_5)","decl":{"start":{"line":38,"column":28},"end":{"line":38,"column":29}},"loc":{"start":{"line":38,"column":49},"end":{"line":54,"column":3}},"line":38},"6":{"name":"(anonymous_6)","decl":{"start":{"line":42,"column":4},"end":{"line":42,"column":5}},"loc":{"start":{"line":42,"column":41},"end":{"line":52,"column":5}},"line":42},"7":{"name":"(anonymous_7)","decl":{"start":{"line":45,"column":40},"end":{"line":45,"column":41}},"loc":{"start":{"line":45,"column":52},"end":{"line":49,"column":6}},"line":45},"8":{"name":"(anonymous_8)","decl":{"start":{"line":62,"column":1},"end":{"line":62,"column":2}},"loc":{"start":{"line":62,"column":18},"end":{"line":75,"column":2}},"line":62},"9":{"name":"(anonymous_9)","decl":{"start":{"line":63,"column":29},"end":{"line":63,"column":30}},"loc":{"start":{"line":63,"column":50},"end":{"line":74,"column":3}},"line":63},"10":{"name":"(anonymous_10)","decl":{"start":{"line":67,"column":4},"end":{"line":67,"column":5}},"loc":{"start":{"line":67,"column":41},"end":{"line":72,"column":5}},"line":67},"11":{"name":"(anonymous_11)","decl":{"start":{"line":80,"column":1},"end":{"line":80,"column":2}},"loc":{"start":{"line":80,"column":18},"end":{"line":95,"column":2}},"line":80},"12":{"name":"(anonymous_12)","decl":{"start":{"line":81,"column":29},"end":{"line":81,"column":30}},"loc":{"start":{"line":81,"column":50},"end":{"line":94,"column":3}},"line":81},"13":{"name":"(anonymous_13)","decl":{"start":{"line":86,"column":4},"end":{"line":86,"column":5}},"loc":{"start":{"line":86,"column":41},"end":{"line":92,"column":5}},"line":86},"14":{"name":"(anonymous_14)","decl":{"start":{"line":102,"column":1},"end":{"line":102,"column":2}},"loc":{"start":{"line":102,"column":23},"end":{"line":115,"column":2}},"line":102},"15":{"name":"(anonymous_15)","decl":{"start":{"line":103,"column":27},"end":{"line":103,"column":28}},"loc":{"start":{"line":103,"column":48},"end":{"line":114,"column":3}},"line":103},"16":{"name":"(anonymous_16)","decl":{"start":{"line":107,"column":4},"end":{"line":107,"column":5}},"loc":{"start":{"line":107,"column":41},"end":{"line":112,"column":5}},"line":107}},"branchMap":{"0":{"loc":{"start":{"line":21,"column":5},"end":{"line":21,"column":37}},"type":"if","locations":[{"start":{"line":21,"column":5},"end":{"line":21,"column":37}},{"start":{},"end":{}}],"line":21},"1":{"loc":{"start":{"line":43,"column":5},"end":{"line":43,"column":37}},"type":"if","locations":[{"start":{"line":43,"column":5},"end":{"line":43,"column":37}},{"start":{},"end":{}}],"line":43},"2":{"loc":{"start":{"line":68,"column":5},"end":{"line":70,"column":6}},"type":"if","locations":[{"start":{"line":68,"column":5},"end":{"line":70,"column":6}},{"start":{},"end":{}}],"line":68},"3":{"loc":{"start":{"line":87,"column":5},"end":{"line":87,"column":37}},"type":"if","locations":[{"start":{"line":87,"column":5},"end":{"line":87,"column":37}},{"start":{},"end":{}}],"line":87},"4":{"loc":{"start":{"line":88,"column":5},"end":{"line":89,"column":47}},"type":"if","locations":[{"start":{"line":88,"column":5},"end":{"line":89,"column":47}},{"start":{},"end":{}}],"line":88},"5":{"loc":{"start":{"line":108,"column":5},"end":{"line":108,"column":37}},"type":"if","locations":[{"start":{"line":108,"column":5},"end":{"line":108,"column":37}},{"start":{},"end":{}}],"line":108},"6":{"loc":{"start":{"line":109,"column":5},"end":{"line":109,"column":75}},"type":"if","locations":[{"start":{"line":109,"column":5},"end":{"line":109,"column":75}},{"start":{},"end":{}}],"line":109}},"s":{"0":2,"1":2,"2":2,"3":0,"4":2,"5":1,"6":2,"7":1,"8":1,"9":1,"10":0,"11":1,"12":4,"13":1,"14":25,"15":25,"16":25,"17":0,"18":25,"19":1,"20":1,"21":1,"22":0,"23":1,"24":0,"25":1,"26":1,"27":1,"28":1,"29":0,"30":1,"31":0,"32":1,"33":5},"f":{"0":2,"1":2,"2":2,"3":1,"4":1,"5":1,"6":1,"7":4,"8":25,"9":25,"10":25,"11":1,"12":1,"13":1,"14":1,"15":1,"16":1},"b":{"0":[0,2],"1":[0,1],"2":[0,25],"3":[0,1],"4":[0,1],"5":[0,1],"6":[0,1]},"_coverageSchema":"1a1c01bbd47fc00a2c39e90264f33305004495a9","hash":"7522d99e3c2e918f5f714cb82bb93f74063678e4"}
}
