{"C:\\Users\\ruben\\OneDrive\\Dokumenter\\AA NTNU\\INFT2002\\prosjektoppgave\\gruppe9\\server\\src\\app.ts": {"path":"C:\\Users\\ruben\\OneDrive\\Dokumenter\\AA NTNU\\INFT2002\\prosjektoppgave\\gruppe9\\server\\src\\app.ts","statementMap":{"0":{"start":{"line":8,"column":12},"end":{"line":8,"column":21}},"1":{"start":{"line":10,"column":0},"end":{"line":10,"column":24}},"2":{"start":{"line":13,"column":0},"end":{"line":13,"column":35}},"3":{"start":{"line":14,"column":0},"end":{"line":14,"column":31}}},"fnMap":{},"branchMap":{},"s":{"0":2,"1":2,"2":2,"3":2},"f":{},"b":{},"_coverageSchema":"1a1c01bbd47fc00a2c39e90264f33305004495a9","hash":"4a557efe3745908b4e9916cd3b0b34978d14da9a"}
,"C:\\Users\\ruben\\OneDrive\\Dokumenter\\AA NTNU\\INFT2002\\prosjektoppgave\\gruppe9\\server\\src\\mysql-pool.ts": {"path":"C:\\Users\\ruben\\OneDrive\\Dokumenter\\AA NTNU\\INFT2002\\prosjektoppgave\\gruppe9\\server\\src\\mysql-pool.ts","statementMap":{"0":{"start":{"line":10,"column":13},"end":{"line":20,"column":2}},"1":{"start":{"line":19,"column":4},"end":{"line":19,"column":78}}},"fnMap":{"0":{"name":"(anonymous_0)","decl":{"start":{"line":18,"column":12},"end":{"line":18,"column":13}},"loc":{"start":{"line":19,"column":4},"end":{"line":19,"column":78}},"line":19}},"branchMap":{"0":{"loc":{"start":{"line":19,"column":4},"end":{"line":19,"column":78}},"type":"cond-expr","locations":[{"start":{"line":19,"column":48},"end":{"line":19,"column":69}},{"start":{"line":19,"column":72},"end":{"line":19,"column":78}}],"line":19},"1":{"loc":{"start":{"line":19,"column":4},"end":{"line":19,"column":45}},"type":"binary-expr","locations":[{"start":{"line":19,"column":4},"end":{"line":19,"column":24}},{"start":{"line":19,"column":28},"end":{"line":19,"column":45}}],"line":19}},"s":{"0":2,"1":61},"f":{"0":61},"b":{"0":[8,53],"1":[61,8]},"_coverageSchema":"1a1c01bbd47fc00a2c39e90264f33305004495a9","hash":"6e2417d8f93d4e9fb799cf3a0b0a0ed995c7c8d6"}
,"C:\\Users\\ruben\\OneDrive\\Dokumenter\\AA NTNU\\INFT2002\\prosjektoppgave\\gruppe9\\server\\src\\sporsmal-router.ts": {"path":"C:\\Users\\ruben\\OneDrive\\Dokumenter\\AA NTNU\\INFT2002\\prosjektoppgave\\gruppe9\\server\\src\\sporsmal-router.ts","statementMap":{"0":{"start":{"line":7,"column":15},"end":{"line":7,"column":31}},"1":{"start":{"line":9,"column":0},"end":{"line":14,"column":3}},"2":{"start":{"line":10,"column":2},"end":{"line":13,"column":56}},"3":{"start":{"line":12,"column":20},"end":{"line":12,"column":39}},"4":{"start":{"line":13,"column":22},"end":{"line":13,"column":54}},"5":{"start":{"line":16,"column":0},"end":{"line":22,"column":3}},"6":{"start":{"line":17,"column":13},"end":{"line":17,"column":38}},"7":{"start":{"line":18,"column":2},"end":{"line":21,"column":56}},"8":{"start":{"line":20,"column":25},"end":{"line":20,"column":109}},"9":{"start":{"line":21,"column":22},"end":{"line":21,"column":54}},"10":{"start":{"line":26,"column":0},"end":{"line":36,"column":3}},"11":{"start":{"line":27,"column":15},"end":{"line":27,"column":36}},"12":{"start":{"line":28,"column":2},"end":{"line":28,"column":34}},"13":{"start":{"line":29,"column":2},"end":{"line":29,"column":46}},"14":{"start":{"line":30,"column":2},"end":{"line":35,"column":59}},"15":{"start":{"line":31,"column":4},"end":{"line":34,"column":60}},"16":{"start":{"line":33,"column":20},"end":{"line":33,"column":45}},"17":{"start":{"line":34,"column":25},"end":{"line":34,"column":57}},"18":{"start":{"line":35,"column":7},"end":{"line":35,"column":59}},"19":{"start":{"line":38,"column":0},"end":{"line":53,"column":3}},"20":{"start":{"line":39,"column":15},"end":{"line":39,"column":36}},"21":{"start":{"line":40,"column":2},"end":{"line":52,"column":54}},"22":{"start":{"line":48,"column":4},"end":{"line":51,"column":58}},"23":{"start":{"line":50,"column":18},"end":{"line":50,"column":33}},"24":{"start":{"line":51,"column":24},"end":{"line":51,"column":56}},"25":{"start":{"line":52,"column":9},"end":{"line":52,"column":54}},"26":{"start":{"line":55,"column":0},"end":{"line":60,"column":3}},"27":{"start":{"line":56,"column":2},"end":{"line":59,"column":56}},"28":{"start":{"line":58,"column":23},"end":{"line":58,"column":38}},"29":{"start":{"line":59,"column":22},"end":{"line":59,"column":54}}},"fnMap":{"0":{"name":"(anonymous_0)","decl":{"start":{"line":9,"column":24},"end":{"line":9,"column":25}},"loc":{"start":{"line":9,"column":48},"end":{"line":14,"column":1}},"line":9},"1":{"name":"(anonymous_1)","decl":{"start":{"line":12,"column":10},"end":{"line":12,"column":11}},"loc":{"start":{"line":12,"column":20},"end":{"line":12,"column":39}},"line":12},"2":{"name":"(anonymous_2)","decl":{"start":{"line":13,"column":11},"end":{"line":13,"column":12}},"loc":{"start":{"line":13,"column":22},"end":{"line":13,"column":54}},"line":13},"3":{"name":"(anonymous_3)","decl":{"start":{"line":16,"column":28},"end":{"line":16,"column":29}},"loc":{"start":{"line":16,"column":51},"end":{"line":22,"column":1}},"line":16},"4":{"name":"(anonymous_4)","decl":{"start":{"line":20,"column":10},"end":{"line":20,"column":11}},"loc":{"start":{"line":20,"column":25},"end":{"line":20,"column":109}},"line":20},"5":{"name":"(anonymous_5)","decl":{"start":{"line":21,"column":11},"end":{"line":21,"column":12}},"loc":{"start":{"line":21,"column":22},"end":{"line":21,"column":54}},"line":21},"6":{"name":"(anonymous_6)","decl":{"start":{"line":26,"column":25},"end":{"line":26,"column":26}},"loc":{"start":{"line":26,"column":48},"end":{"line":36,"column":1}},"line":26},"7":{"name":"(anonymous_7)","decl":{"start":{"line":33,"column":12},"end":{"line":33,"column":13}},"loc":{"start":{"line":33,"column":20},"end":{"line":33,"column":45}},"line":33},"8":{"name":"(anonymous_8)","decl":{"start":{"line":34,"column":13},"end":{"line":34,"column":14}},"loc":{"start":{"line":34,"column":24},"end":{"line":34,"column":58}},"line":34},"9":{"name":"(anonymous_9)","decl":{"start":{"line":38,"column":24},"end":{"line":38,"column":25}},"loc":{"start":{"line":38,"column":47},"end":{"line":53,"column":1}},"line":38},"10":{"name":"(anonymous_10)","decl":{"start":{"line":50,"column":12},"end":{"line":50,"column":13}},"loc":{"start":{"line":50,"column":18},"end":{"line":50,"column":33}},"line":50},"11":{"name":"(anonymous_11)","decl":{"start":{"line":51,"column":13},"end":{"line":51,"column":14}},"loc":{"start":{"line":51,"column":24},"end":{"line":51,"column":56}},"line":51},"12":{"name":"(anonymous_12)","decl":{"start":{"line":55,"column":31},"end":{"line":55,"column":32}},"loc":{"start":{"line":55,"column":54},"end":{"line":60,"column":1}},"line":55},"13":{"name":"(anonymous_13)","decl":{"start":{"line":58,"column":10},"end":{"line":58,"column":11}},"loc":{"start":{"line":58,"column":23},"end":{"line":58,"column":38}},"line":58},"14":{"name":"(anonymous_14)","decl":{"start":{"line":59,"column":11},"end":{"line":59,"column":12}},"loc":{"start":{"line":59,"column":22},"end":{"line":59,"column":54}},"line":59}},"branchMap":{"0":{"loc":{"start":{"line":20,"column":25},"end":{"line":20,"column":109}},"type":"cond-expr","locations":[{"start":{"line":20,"column":36},"end":{"line":20,"column":59}},{"start":{"line":20,"column":62},"end":{"line":20,"column":109}}],"line":20},"1":{"loc":{"start":{"line":30,"column":2},"end":{"line":35,"column":59}},"type":"if","locations":[{"start":{"line":30,"column":2},"end":{"line":35,"column":59}},{"start":{"line":35,"column":7},"end":{"line":35,"column":59}}],"line":30},"2":{"loc":{"start":{"line":30,"column":6},"end":{"line":30,"column":52}},"type":"binary-expr","locations":[{"start":{"line":30,"column":6},"end":{"line":30,"column":10}},{"start":{"line":30,"column":14},"end":{"line":30,"column":25}},{"start":{"line":30,"column":29},"end":{"line":30,"column":52}}],"line":30},"3":{"loc":{"start":{"line":40,"column":2},"end":{"line":52,"column":54}},"type":"if","locations":[{"start":{"line":40,"column":2},"end":{"line":52,"column":54}},{"start":{"line":52,"column":9},"end":{"line":52,"column":54}}],"line":40},"4":{"loc":{"start":{"line":41,"column":4},"end":{"line":46,"column":33}},"type":"binary-expr","locations":[{"start":{"line":41,"column":4},"end":{"line":41,"column":38}},{"start":{"line":42,"column":4},"end":{"line":42,"column":34}},{"start":{"line":43,"column":4},"end":{"line":43,"column":26}},{"start":{"line":44,"column":4},"end":{"line":44,"column":35}},{"start":{"line":45,"column":4},"end":{"line":45,"column":27}},{"start":{"line":46,"column":4},"end":{"line":46,"column":33}}],"line":41}},"s":{"0":2,"1":2,"2":1,"3":1,"4":0,"5":2,"6":2,"7":2,"8":2,"9":0,"10":2,"11":1,"12":1,"13":1,"14":1,"15":1,"16":1,"17":0,"18":0,"19":2,"20":1,"21":1,"22":1,"23":1,"24":0,"25":0,"26":2,"27":1,"28":1,"29":0},"f":{"0":1,"1":1,"2":0,"3":2,"4":2,"5":0,"6":1,"7":1,"8":0,"9":1,"10":1,"11":0,"12":1,"13":1,"14":0},"b":{"0":[1,1],"1":[1,0],"2":[1,1,1],"3":[1,0],"4":[1,1,1,1,1,1]},"_coverageSchema":"1a1c01bbd47fc00a2c39e90264f33305004495a9","hash":"67567a05582f754dfea670dfe0badb9b5e00cc69"}
,"C:\\Users\\ruben\\OneDrive\\Dokumenter\\AA NTNU\\INFT2002\\prosjektoppgave\\gruppe9\\server\\src\\sporsmal-service.ts": {"path":"C:\\Users\\ruben\\OneDrive\\Dokumenter\\AA NTNU\\INFT2002\\prosjektoppgave\\gruppe9\\server\\src\\sporsmal-service.ts","statementMap":{"0":{"start":{"line":20,"column":4},"end":{"line":34,"column":7}},"1":{"start":{"line":21,"column":6},"end":{"line":33,"column":9}},"2":{"start":{"line":22,"column":8},"end":{"line":22,"column":40}},"3":{"start":{"line":22,"column":19},"end":{"line":22,"column":40}},"4":{"start":{"line":24,"column":31},"end":{"line":30,"column":10}},"5":{"start":{"line":25,"column":10},"end":{"line":29,"column":12}},"6":{"start":{"line":32,"column":8},"end":{"line":32,"column":47}},"7":{"start":{"line":41,"column":4},"end":{"line":55,"column":7}},"8":{"start":{"line":42,"column":6},"end":{"line":54,"column":9}},"9":{"start":{"line":43,"column":8},"end":{"line":43,"column":40}},"10":{"start":{"line":43,"column":19},"end":{"line":43,"column":40}},"11":{"start":{"line":45,"column":31},"end":{"line":51,"column":10}},"12":{"start":{"line":46,"column":10},"end":{"line":50,"column":12}},"13":{"start":{"line":53,"column":8},"end":{"line":53,"column":46}},"14":{"start":{"line":64,"column":21},"end":{"line":64,"column":63}},"15":{"start":{"line":65,"column":27},"end":{"line":65,"column":75}},"16":{"start":{"line":67,"column":4},"end":{"line":74,"column":7}},"17":{"start":{"line":68,"column":6},"end":{"line":73,"column":9}},"18":{"start":{"line":69,"column":8},"end":{"line":71,"column":9}},"19":{"start":{"line":70,"column":10},"end":{"line":70,"column":31}},"20":{"start":{"line":72,"column":8},"end":{"line":72,"column":34}},"21":{"start":{"line":81,"column":27},"end":{"line":81,"column":66}},"22":{"start":{"line":82,"column":4},"end":{"line":90,"column":8}},"23":{"start":{"line":84,"column":6},"end":{"line":89,"column":8}},"24":{"start":{"line":85,"column":8},"end":{"line":85,"column":40}},"25":{"start":{"line":85,"column":19},"end":{"line":85,"column":40}},"26":{"start":{"line":86,"column":8},"end":{"line":86,"column":75}},"27":{"start":{"line":86,"column":39},"end":{"line":86,"column":75}},"28":{"start":{"line":88,"column":8},"end":{"line":88,"column":38}},"29":{"start":{"line":99,"column":4},"end":{"line":108,"column":7}},"30":{"start":{"line":100,"column":6},"end":{"line":107,"column":9}},"31":{"start":{"line":101,"column":8},"end":{"line":101,"column":40}},"32":{"start":{"line":101,"column":19},"end":{"line":101,"column":40}},"33":{"start":{"line":102,"column":8},"end":{"line":102,"column":75}},"34":{"start":{"line":102,"column":39},"end":{"line":102,"column":75}},"35":{"start":{"line":104,"column":8},"end":{"line":104,"column":50}},"36":{"start":{"line":106,"column":8},"end":{"line":106,"column":18}},"37":{"start":{"line":112,"column":24},"end":{"line":112,"column":45}}},"fnMap":{"0":{"name":"(anonymous_0)","decl":{"start":{"line":18,"column":2},"end":{"line":18,"column":3}},"loc":{"start":{"line":18,"column":18},"end":{"line":35,"column":3}},"line":18},"1":{"name":"(anonymous_1)","decl":{"start":{"line":20,"column":45},"end":{"line":20,"column":46}},"loc":{"start":{"line":20,"column":66},"end":{"line":34,"column":5}},"line":20},"2":{"name":"(anonymous_2)","decl":{"start":{"line":21,"column":175},"end":{"line":21,"column":176}},"loc":{"start":{"line":21,"column":212},"end":{"line":33,"column":7}},"line":21},"3":{"name":"(anonymous_3)","decl":{"start":{"line":24,"column":43},"end":{"line":24,"column":44}},"loc":{"start":{"line":24,"column":53},"end":{"line":30,"column":9}},"line":24},"4":{"name":"(anonymous_4)","decl":{"start":{"line":40,"column":2},"end":{"line":40,"column":3}},"loc":{"start":{"line":40,"column":11},"end":{"line":56,"column":3}},"line":40},"5":{"name":"(anonymous_5)","decl":{"start":{"line":41,"column":35},"end":{"line":41,"column":36}},"loc":{"start":{"line":41,"column":56},"end":{"line":55,"column":5}},"line":41},"6":{"name":"(anonymous_6)","decl":{"start":{"line":42,"column":153},"end":{"line":42,"column":154}},"loc":{"start":{"line":42,"column":190},"end":{"line":54,"column":7}},"line":42},"7":{"name":"(anonymous_7)","decl":{"start":{"line":45,"column":43},"end":{"line":45,"column":44}},"loc":{"start":{"line":45,"column":53},"end":{"line":51,"column":9}},"line":45},"8":{"name":"(anonymous_8)","decl":{"start":{"line":63,"column":2},"end":{"line":63,"column":3}},"loc":{"start":{"line":63,"column":29},"end":{"line":75,"column":3}},"line":63},"9":{"name":"(anonymous_9)","decl":{"start":{"line":67,"column":31},"end":{"line":67,"column":32}},"loc":{"start":{"line":67,"column":52},"end":{"line":74,"column":5}},"line":67},"10":{"name":"(anonymous_10)","decl":{"start":{"line":68,"column":216},"end":{"line":68,"column":217}},"loc":{"start":{"line":68,"column":253},"end":{"line":73,"column":7}},"line":68},"11":{"name":"(anonymous_11)","decl":{"start":{"line":80,"column":2},"end":{"line":80,"column":3}},"loc":{"start":{"line":80,"column":29},"end":{"line":91,"column":5}},"line":80},"12":{"name":"(anonymous_12)","decl":{"start":{"line":82,"column":31},"end":{"line":82,"column":32}},"loc":{"start":{"line":82,"column":52},"end":{"line":90,"column":7}},"line":82},"13":{"name":"(anonymous_13)","decl":{"start":{"line":84,"column":207},"end":{"line":84,"column":208}},"loc":{"start":{"line":84,"column":244},"end":{"line":89,"column":7}},"line":84},"14":{"name":"(anonymous_14)","decl":{"start":{"line":98,"column":2},"end":{"line":98,"column":3}},"loc":{"start":{"line":98,"column":29},"end":{"line":109,"column":3}},"line":98},"15":{"name":"(anonymous_15)","decl":{"start":{"line":99,"column":29},"end":{"line":99,"column":30}},"loc":{"start":{"line":99,"column":50},"end":{"line":108,"column":5}},"line":99},"16":{"name":"(anonymous_16)","decl":{"start":{"line":100,"column":76},"end":{"line":100,"column":77}},"loc":{"start":{"line":100,"column":119},"end":{"line":107,"column":7}},"line":100}},"branchMap":{"0":{"loc":{"start":{"line":22,"column":8},"end":{"line":22,"column":40}},"type":"if","locations":[{"start":{"line":22,"column":8},"end":{"line":22,"column":40}},{"start":{},"end":{}}],"line":22},"1":{"loc":{"start":{"line":43,"column":8},"end":{"line":43,"column":40}},"type":"if","locations":[{"start":{"line":43,"column":8},"end":{"line":43,"column":40}},{"start":{},"end":{}}],"line":43},"2":{"loc":{"start":{"line":69,"column":8},"end":{"line":71,"column":9}},"type":"if","locations":[{"start":{"line":69,"column":8},"end":{"line":71,"column":9}},{"start":{},"end":{}}],"line":69},"3":{"loc":{"start":{"line":85,"column":8},"end":{"line":85,"column":40}},"type":"if","locations":[{"start":{"line":85,"column":8},"end":{"line":85,"column":40}},{"start":{},"end":{}}],"line":85},"4":{"loc":{"start":{"line":86,"column":8},"end":{"line":86,"column":75}},"type":"if","locations":[{"start":{"line":86,"column":8},"end":{"line":86,"column":75}},{"start":{},"end":{}}],"line":86},"5":{"loc":{"start":{"line":101,"column":8},"end":{"line":101,"column":40}},"type":"if","locations":[{"start":{"line":101,"column":8},"end":{"line":101,"column":40}},{"start":{},"end":{}}],"line":101},"6":{"loc":{"start":{"line":102,"column":8},"end":{"line":102,"column":75}},"type":"if","locations":[{"start":{"line":102,"column":8},"end":{"line":102,"column":75}},{"start":{},"end":{}}],"line":102}},"s":{"0":2,"1":2,"2":2,"3":0,"4":2,"5":1,"6":2,"7":1,"8":1,"9":1,"10":0,"11":1,"12":3,"13":1,"14":19,"15":19,"16":19,"17":19,"18":19,"19":0,"20":19,"21":1,"22":1,"23":1,"24":1,"25":0,"26":1,"27":0,"28":1,"29":1,"30":1,"31":1,"32":0,"33":1,"34":0,"35":1,"36":1,"37":2},"f":{"0":2,"1":2,"2":2,"3":1,"4":1,"5":1,"6":1,"7":3,"8":19,"9":19,"10":19,"11":1,"12":1,"13":1,"14":1,"15":1,"16":1},"b":{"0":[0,2],"1":[0,1],"2":[0,19],"3":[0,1],"4":[0,1],"5":[0,1],"6":[0,1]},"_coverageSchema":"1a1c01bbd47fc00a2c39e90264f33305004495a9","hash":"b114617282cba4b173f9f7eda86838fd307e8e89"}
,"C:\\Users\\ruben\\OneDrive\\Dokumenter\\AA NTNU\\INFT2002\\prosjektoppgave\\gruppe9\\server\\src\\svar-router.ts": {"path":"C:\\Users\\ruben\\OneDrive\\Dokumenter\\AA NTNU\\INFT2002\\prosjektoppgave\\gruppe9\\server\\src\\svar-router.ts","statementMap":{"0":{"start":{"line":7,"column":15},"end":{"line":7,"column":31}},"1":{"start":{"line":9,"column":0},"end":{"line":15,"column":3}},"2":{"start":{"line":10,"column":29},"end":{"line":10,"column":62}},"3":{"start":{"line":11,"column":2},"end":{"line":14,"column":56}},"4":{"start":{"line":13,"column":20},"end":{"line":13,"column":39}},"5":{"start":{"line":14,"column":22},"end":{"line":14,"column":54}},"6":{"start":{"line":17,"column":0},"end":{"line":24,"column":3}},"7":{"start":{"line":18,"column":31},"end":{"line":18,"column":64}},"8":{"start":{"line":19,"column":27},"end":{"line":19,"column":56}},"9":{"start":{"line":20,"column":2},"end":{"line":23,"column":56}},"10":{"start":{"line":22,"column":21},"end":{"line":22,"column":95}},"11":{"start":{"line":23,"column":22},"end":{"line":23,"column":54}},"12":{"start":{"line":28,"column":0},"end":{"line":39,"column":3}},"13":{"start":{"line":29,"column":2},"end":{"line":29,"column":135}},"14":{"start":{"line":29,"column":64},"end":{"line":29,"column":135}},"15":{"start":{"line":30,"column":15},"end":{"line":30,"column":32}},"16":{"start":{"line":31,"column":2},"end":{"line":31,"column":34}},"17":{"start":{"line":32,"column":2},"end":{"line":32,"column":46}},"18":{"start":{"line":33,"column":2},"end":{"line":38,"column":58}},"19":{"start":{"line":34,"column":4},"end":{"line":37,"column":60}},"20":{"start":{"line":36,"column":20},"end":{"line":36,"column":45}},"21":{"start":{"line":37,"column":25},"end":{"line":37,"column":57}},"22":{"start":{"line":38,"column":7},"end":{"line":38,"column":58}},"23":{"start":{"line":41,"column":0},"end":{"line":56,"column":3}},"24":{"start":{"line":42,"column":15},"end":{"line":42,"column":32}},"25":{"start":{"line":43,"column":2},"end":{"line":55,"column":57}},"26":{"start":{"line":51,"column":4},"end":{"line":54,"column":58}},"27":{"start":{"line":53,"column":18},"end":{"line":53,"column":33}},"28":{"start":{"line":54,"column":24},"end":{"line":54,"column":56}},"29":{"start":{"line":55,"column":9},"end":{"line":55,"column":57}},"30":{"start":{"line":58,"column":0},"end":{"line":64,"column":3}},"31":{"start":{"line":59,"column":25},"end":{"line":59,"column":54}},"32":{"start":{"line":60,"column":2},"end":{"line":63,"column":56}},"33":{"start":{"line":62,"column":23},"end":{"line":62,"column":38}},"34":{"start":{"line":63,"column":22},"end":{"line":63,"column":54}}},"fnMap":{"0":{"name":"(anonymous_0)","decl":{"start":{"line":9,"column":41},"end":{"line":9,"column":42}},"loc":{"start":{"line":9,"column":64},"end":{"line":15,"column":1}},"line":9},"1":{"name":"(anonymous_1)","decl":{"start":{"line":13,"column":10},"end":{"line":13,"column":11}},"loc":{"start":{"line":13,"column":20},"end":{"line":13,"column":39}},"line":13},"2":{"name":"(anonymous_2)","decl":{"start":{"line":14,"column":11},"end":{"line":14,"column":12}},"loc":{"start":{"line":14,"column":22},"end":{"line":14,"column":54}},"line":14},"3":{"name":"(anonymous_3)","decl":{"start":{"line":17,"column":49},"end":{"line":17,"column":50}},"loc":{"start":{"line":17,"column":72},"end":{"line":24,"column":1}},"line":17},"4":{"name":"(anonymous_4)","decl":{"start":{"line":22,"column":10},"end":{"line":22,"column":11}},"loc":{"start":{"line":22,"column":20},"end":{"line":22,"column":96}},"line":22},"5":{"name":"(anonymous_5)","decl":{"start":{"line":23,"column":11},"end":{"line":23,"column":12}},"loc":{"start":{"line":23,"column":22},"end":{"line":23,"column":54}},"line":23},"6":{"name":"(anonymous_6)","decl":{"start":{"line":28,"column":42},"end":{"line":28,"column":43}},"loc":{"start":{"line":28,"column":65},"end":{"line":39,"column":1}},"line":28},"7":{"name":"(anonymous_7)","decl":{"start":{"line":36,"column":12},"end":{"line":36,"column":13}},"loc":{"start":{"line":36,"column":20},"end":{"line":36,"column":45}},"line":36},"8":{"name":"(anonymous_8)","decl":{"start":{"line":37,"column":13},"end":{"line":37,"column":14}},"loc":{"start":{"line":37,"column":24},"end":{"line":37,"column":58}},"line":37},"9":{"name":"(anonymous_9)","decl":{"start":{"line":41,"column":41},"end":{"line":41,"column":42}},"loc":{"start":{"line":41,"column":64},"end":{"line":56,"column":1}},"line":41},"10":{"name":"(anonymous_10)","decl":{"start":{"line":53,"column":12},"end":{"line":53,"column":13}},"loc":{"start":{"line":53,"column":18},"end":{"line":53,"column":33}},"line":53},"11":{"name":"(anonymous_11)","decl":{"start":{"line":54,"column":13},"end":{"line":54,"column":14}},"loc":{"start":{"line":54,"column":24},"end":{"line":54,"column":56}},"line":54},"12":{"name":"(anonymous_12)","decl":{"start":{"line":58,"column":52},"end":{"line":58,"column":53}},"loc":{"start":{"line":58,"column":75},"end":{"line":64,"column":1}},"line":58},"13":{"name":"(anonymous_13)","decl":{"start":{"line":62,"column":10},"end":{"line":62,"column":11}},"loc":{"start":{"line":62,"column":23},"end":{"line":62,"column":38}},"line":62},"14":{"name":"(anonymous_14)","decl":{"start":{"line":63,"column":11},"end":{"line":63,"column":12}},"loc":{"start":{"line":63,"column":22},"end":{"line":63,"column":54}},"line":63}},"branchMap":{"0":{"loc":{"start":{"line":22,"column":22},"end":{"line":22,"column":94}},"type":"cond-expr","locations":[{"start":{"line":22,"column":29},"end":{"line":22,"column":48}},{"start":{"line":22,"column":51},"end":{"line":22,"column":94}}],"line":22},"1":{"loc":{"start":{"line":29,"column":2},"end":{"line":29,"column":135}},"type":"if","locations":[{"start":{"line":29,"column":2},"end":{"line":29,"column":135}},{"start":{},"end":{}}],"line":29},"2":{"loc":{"start":{"line":33,"column":2},"end":{"line":38,"column":58}},"type":"if","locations":[{"start":{"line":33,"column":2},"end":{"line":38,"column":58}},{"start":{"line":38,"column":7},"end":{"line":38,"column":58}}],"line":33},"3":{"loc":{"start":{"line":33,"column":6},"end":{"line":33,"column":58}},"type":"binary-expr","locations":[{"start":{"line":33,"column":6},"end":{"line":33,"column":10}},{"start":{"line":33,"column":14},"end":{"line":33,"column":28}},{"start":{"line":33,"column":32},"end":{"line":33,"column":58}}],"line":33},"4":{"loc":{"start":{"line":43,"column":2},"end":{"line":55,"column":57}},"type":"if","locations":[{"start":{"line":43,"column":2},"end":{"line":55,"column":57}},{"start":{"line":55,"column":9},"end":{"line":55,"column":57}}],"line":43},"5":{"loc":{"start":{"line":44,"column":4},"end":{"line":49,"column":38}},"type":"binary-expr","locations":[{"start":{"line":44,"column":4},"end":{"line":44,"column":34}},{"start":{"line":45,"column":4},"end":{"line":45,"column":37}},{"start":{"line":46,"column":4},"end":{"line":46,"column":29}},{"start":{"line":47,"column":4},"end":{"line":47,"column":35}},{"start":{"line":48,"column":4},"end":{"line":48,"column":33}},{"start":{"line":49,"column":4},"end":{"line":49,"column":38}}],"line":44}},"s":{"0":2,"1":2,"2":1,"3":1,"4":1,"5":0,"6":2,"7":2,"8":2,"9":2,"10":2,"11":0,"12":2,"13":1,"14":0,"15":1,"16":1,"17":1,"18":1,"19":1,"20":1,"21":0,"22":0,"23":2,"24":1,"25":1,"26":1,"27":1,"28":0,"29":0,"30":2,"31":2,"32":2,"33":2,"34":0},"f":{"0":1,"1":1,"2":0,"3":2,"4":2,"5":0,"6":1,"7":1,"8":0,"9":1,"10":1,"11":0,"12":2,"13":2,"14":0},"b":{"0":[1,1],"1":[0,1],"2":[1,0],"3":[1,1,1],"4":[1,0],"5":[1,1,1,1,1,1]},"_coverageSchema":"1a1c01bbd47fc00a2c39e90264f33305004495a9","hash":"370c508d4b215d0baa34c331afdf54641b0699c9"}
,"C:\\Users\\ruben\\OneDrive\\Dokumenter\\AA NTNU\\INFT2002\\prosjektoppgave\\gruppe9\\server\\src\\svar-service.ts": {"path":"C:\\Users\\ruben\\OneDrive\\Dokumenter\\AA NTNU\\INFT2002\\prosjektoppgave\\gruppe9\\server\\src\\svar-service.ts","statementMap":{"0":{"start":{"line":22,"column":4},"end":{"line":36,"column":7}},"1":{"start":{"line":23,"column":6},"end":{"line":35,"column":9}},"2":{"start":{"line":24,"column":8},"end":{"line":24,"column":40}},"3":{"start":{"line":24,"column":19},"end":{"line":24,"column":40}},"4":{"start":{"line":26,"column":31},"end":{"line":32,"column":10}},"5":{"start":{"line":27,"column":10},"end":{"line":31,"column":12}},"6":{"start":{"line":34,"column":8},"end":{"line":34,"column":43}},"7":{"start":{"line":43,"column":4},"end":{"line":57,"column":7}},"8":{"start":{"line":44,"column":6},"end":{"line":56,"column":9}},"9":{"start":{"line":45,"column":8},"end":{"line":45,"column":40}},"10":{"start":{"line":45,"column":19},"end":{"line":45,"column":40}},"11":{"start":{"line":47,"column":31},"end":{"line":53,"column":10}},"12":{"start":{"line":48,"column":10},"end":{"line":52,"column":12}},"13":{"start":{"line":55,"column":8},"end":{"line":55,"column":42}},"14":{"start":{"line":66,"column":21},"end":{"line":66,"column":59}},"15":{"start":{"line":67,"column":27},"end":{"line":67,"column":71}},"16":{"start":{"line":69,"column":4},"end":{"line":76,"column":7}},"17":{"start":{"line":70,"column":6},"end":{"line":75,"column":9}},"18":{"start":{"line":71,"column":8},"end":{"line":73,"column":9}},"19":{"start":{"line":72,"column":10},"end":{"line":72,"column":31}},"20":{"start":{"line":74,"column":8},"end":{"line":74,"column":34}},"21":{"start":{"line":83,"column":27},"end":{"line":83,"column":66}},"22":{"start":{"line":84,"column":4},"end":{"line":94,"column":8}},"23":{"start":{"line":88,"column":6},"end":{"line":93,"column":8}},"24":{"start":{"line":89,"column":8},"end":{"line":89,"column":40}},"25":{"start":{"line":89,"column":19},"end":{"line":89,"column":40}},"26":{"start":{"line":90,"column":8},"end":{"line":90,"column":75}},"27":{"start":{"line":90,"column":39},"end":{"line":90,"column":75}},"28":{"start":{"line":92,"column":8},"end":{"line":92,"column":38}},"29":{"start":{"line":101,"column":4},"end":{"line":150,"column":7}},"30":{"start":{"line":105,"column":6},"end":{"line":115,"column":7}},"31":{"start":{"line":106,"column":8},"end":{"line":114,"column":11}},"32":{"start":{"line":107,"column":10},"end":{"line":107,"column":41}},"33":{"start":{"line":107,"column":20},"end":{"line":107,"column":41}},"34":{"start":{"line":108,"column":10},"end":{"line":113,"column":11}},"35":{"start":{"line":109,"column":12},"end":{"line":112,"column":15}},"36":{"start":{"line":110,"column":14},"end":{"line":110,"column":46}},"37":{"start":{"line":110,"column":25},"end":{"line":110,"column":46}},"38":{"start":{"line":111,"column":14},"end":{"line":111,"column":24}},"39":{"start":{"line":117,"column":6},"end":{"line":125,"column":9}},"40":{"start":{"line":118,"column":8},"end":{"line":118,"column":39}},"41":{"start":{"line":118,"column":18},"end":{"line":118,"column":39}},"42":{"start":{"line":119,"column":8},"end":{"line":124,"column":9}},"43":{"start":{"line":120,"column":10},"end":{"line":123,"column":13}},"44":{"start":{"line":121,"column":12},"end":{"line":121,"column":44}},"45":{"start":{"line":121,"column":23},"end":{"line":121,"column":44}},"46":{"start":{"line":122,"column":12},"end":{"line":122,"column":22}},"47":{"start":{"line":128,"column":8},"end":{"line":144,"column":11}},"48":{"start":{"line":130,"column":10},"end":{"line":143,"column":13}},"49":{"start":{"line":131,"column":12},"end":{"line":131,"column":44}},"50":{"start":{"line":131,"column":23},"end":{"line":131,"column":44}},"51":{"start":{"line":133,"column":42},"end":{"line":133,"column":87}},"52":{"start":{"line":133,"column":60},"end":{"line":133,"column":86}},"53":{"start":{"line":134,"column":12},"end":{"line":142,"column":47}},"54":{"start":{"line":137,"column":16},"end":{"line":140,"column":19}},"55":{"start":{"line":138,"column":18},"end":{"line":138,"column":50}},"56":{"start":{"line":138,"column":29},"end":{"line":138,"column":50}},"57":{"start":{"line":139,"column":18},"end":{"line":139,"column":28}},"58":{"start":{"line":142,"column":32},"end":{"line":142,"column":45}},"59":{"start":{"line":147,"column":6},"end":{"line":149,"column":41}},"60":{"start":{"line":148,"column":20},"end":{"line":148,"column":29}},"61":{"start":{"line":149,"column":26},"end":{"line":149,"column":39}},"62":{"start":{"line":155,"column":20},"end":{"line":155,"column":37}}},"fnMap":{"0":{"name":"(anonymous_0)","decl":{"start":{"line":20,"column":2},"end":{"line":20,"column":3}},"loc":{"start":{"line":20,"column":42},"end":{"line":37,"column":3}},"line":20},"1":{"name":"(anonymous_1)","decl":{"start":{"line":22,"column":41},"end":{"line":22,"column":42}},"loc":{"start":{"line":22,"column":62},"end":{"line":36,"column":5}},"line":22},"2":{"name":"(anonymous_2)","decl":{"start":{"line":23,"column":233},"end":{"line":23,"column":234}},"loc":{"start":{"line":23,"column":270},"end":{"line":35,"column":7}},"line":23},"3":{"name":"(anonymous_3)","decl":{"start":{"line":26,"column":43},"end":{"line":26,"column":44}},"loc":{"start":{"line":26,"column":53},"end":{"line":32,"column":9}},"line":26},"4":{"name":"(anonymous_4)","decl":{"start":{"line":42,"column":2},"end":{"line":42,"column":3}},"loc":{"start":{"line":42,"column":29},"end":{"line":58,"column":3}},"line":42},"5":{"name":"(anonymous_5)","decl":{"start":{"line":43,"column":31},"end":{"line":43,"column":32}},"loc":{"start":{"line":43,"column":52},"end":{"line":57,"column":5}},"line":43},"6":{"name":"(anonymous_6)","decl":{"start":{"line":44,"column":210},"end":{"line":44,"column":211}},"loc":{"start":{"line":44,"column":247},"end":{"line":56,"column":7}},"line":44},"7":{"name":"(anonymous_7)","decl":{"start":{"line":47,"column":43},"end":{"line":47,"column":44}},"loc":{"start":{"line":47,"column":53},"end":{"line":53,"column":9}},"line":47},"8":{"name":"(anonymous_8)","decl":{"start":{"line":65,"column":2},"end":{"line":65,"column":3}},"loc":{"start":{"line":65,"column":21},"end":{"line":77,"column":3}},"line":65},"9":{"name":"(anonymous_9)","decl":{"start":{"line":69,"column":31},"end":{"line":69,"column":32}},"loc":{"start":{"line":69,"column":52},"end":{"line":76,"column":5}},"line":69},"10":{"name":"(anonymous_10)","decl":{"start":{"line":70,"column":292},"end":{"line":70,"column":293}},"loc":{"start":{"line":70,"column":329},"end":{"line":75,"column":7}},"line":70},"11":{"name":"(anonymous_11)","decl":{"start":{"line":82,"column":2},"end":{"line":82,"column":3}},"loc":{"start":{"line":82,"column":21},"end":{"line":95,"column":5}},"line":82},"12":{"name":"(anonymous_12)","decl":{"start":{"line":84,"column":31},"end":{"line":84,"column":32}},"loc":{"start":{"line":84,"column":52},"end":{"line":94,"column":7}},"line":84},"13":{"name":"(anonymous_13)","decl":{"start":{"line":88,"column":183},"end":{"line":88,"column":184}},"loc":{"start":{"line":88,"column":220},"end":{"line":93,"column":7}},"line":88},"14":{"name":"(anonymous_14)","decl":{"start":{"line":100,"column":2},"end":{"line":100,"column":3}},"loc":{"start":{"line":100,"column":61},"end":{"line":151,"column":3}},"line":100},"15":{"name":"(anonymous_15)","decl":{"start":{"line":101,"column":29},"end":{"line":101,"column":30}},"loc":{"start":{"line":101,"column":50},"end":{"line":150,"column":5}},"line":101},"16":{"name":"(anonymous_16)","decl":{"start":{"line":106,"column":117},"end":{"line":106,"column":118}},"loc":{"start":{"line":106,"column":154},"end":{"line":114,"column":9}},"line":106},"17":{"name":"(anonymous_17)","decl":{"start":{"line":109,"column":74},"end":{"line":109,"column":75}},"loc":{"start":{"line":109,"column":112},"end":{"line":112,"column":13}},"line":109},"18":{"name":"(anonymous_18)","decl":{"start":{"line":117,"column":70},"end":{"line":117,"column":71}},"loc":{"start":{"line":117,"column":107},"end":{"line":125,"column":7}},"line":117},"19":{"name":"(anonymous_19)","decl":{"start":{"line":120,"column":68},"end":{"line":120,"column":69}},"loc":{"start":{"line":120,"column":106},"end":{"line":123,"column":11}},"line":120},"20":{"name":"deleteComments","decl":{"start":{"line":127,"column":15},"end":{"line":127,"column":29}},"loc":{"start":{"line":127,"column":64},"end":{"line":145,"column":7}},"line":127},"21":{"name":"(anonymous_21)","decl":{"start":{"line":128,"column":33},"end":{"line":128,"column":34}},"loc":{"start":{"line":128,"column":54},"end":{"line":144,"column":9}},"line":128},"22":{"name":"(anonymous_22)","decl":{"start":{"line":130,"column":82},"end":{"line":130,"column":83}},"loc":{"start":{"line":130,"column":116},"end":{"line":143,"column":11}},"line":130},"23":{"name":"(anonymous_23)","decl":{"start":{"line":133,"column":51},"end":{"line":133,"column":52}},"loc":{"start":{"line":133,"column":60},"end":{"line":133,"column":86}},"line":133},"24":{"name":"(anonymous_24)","decl":{"start":{"line":135,"column":20},"end":{"line":135,"column":21}},"loc":{"start":{"line":135,"column":26},"end":{"line":141,"column":15}},"line":135},"25":{"name":"(anonymous_25)","decl":{"start":{"line":137,"column":77},"end":{"line":137,"column":78}},"loc":{"start":{"line":137,"column":115},"end":{"line":140,"column":17}},"line":137},"26":{"name":"(anonymous_26)","decl":{"start":{"line":142,"column":21},"end":{"line":142,"column":22}},"loc":{"start":{"line":142,"column":32},"end":{"line":142,"column":45}},"line":142},"27":{"name":"(anonymous_27)","decl":{"start":{"line":148,"column":14},"end":{"line":148,"column":15}},"loc":{"start":{"line":148,"column":20},"end":{"line":148,"column":29}},"line":148},"28":{"name":"(anonymous_28)","decl":{"start":{"line":149,"column":15},"end":{"line":149,"column":16}},"loc":{"start":{"line":149,"column":26},"end":{"line":149,"column":39}},"line":149}},"branchMap":{"0":{"loc":{"start":{"line":24,"column":8},"end":{"line":24,"column":40}},"type":"if","locations":[{"start":{"line":24,"column":8},"end":{"line":24,"column":40}},{"start":{},"end":{}}],"line":24},"1":{"loc":{"start":{"line":45,"column":8},"end":{"line":45,"column":40}},"type":"if","locations":[{"start":{"line":45,"column":8},"end":{"line":45,"column":40}},{"start":{},"end":{}}],"line":45},"2":{"loc":{"start":{"line":71,"column":8},"end":{"line":73,"column":9}},"type":"if","locations":[{"start":{"line":71,"column":8},"end":{"line":73,"column":9}},{"start":{},"end":{}}],"line":71},"3":{"loc":{"start":{"line":89,"column":8},"end":{"line":89,"column":40}},"type":"if","locations":[{"start":{"line":89,"column":8},"end":{"line":89,"column":40}},{"start":{},"end":{}}],"line":89},"4":{"loc":{"start":{"line":90,"column":8},"end":{"line":90,"column":75}},"type":"if","locations":[{"start":{"line":90,"column":8},"end":{"line":90,"column":75}},{"start":{},"end":{}}],"line":90},"5":{"loc":{"start":{"line":105,"column":6},"end":{"line":115,"column":7}},"type":"if","locations":[{"start":{"line":105,"column":6},"end":{"line":115,"column":7}},{"start":{},"end":{}}],"line":105},"6":{"loc":{"start":{"line":107,"column":10},"end":{"line":107,"column":41}},"type":"if","locations":[{"start":{"line":107,"column":10},"end":{"line":107,"column":41}},{"start":{},"end":{}}],"line":107},"7":{"loc":{"start":{"line":108,"column":10},"end":{"line":113,"column":11}},"type":"if","locations":[{"start":{"line":108,"column":10},"end":{"line":113,"column":11}},{"start":{},"end":{}}],"line":108},"8":{"loc":{"start":{"line":110,"column":14},"end":{"line":110,"column":46}},"type":"if","locations":[{"start":{"line":110,"column":14},"end":{"line":110,"column":46}},{"start":{},"end":{}}],"line":110},"9":{"loc":{"start":{"line":118,"column":8},"end":{"line":118,"column":39}},"type":"if","locations":[{"start":{"line":118,"column":8},"end":{"line":118,"column":39}},{"start":{},"end":{}}],"line":118},"10":{"loc":{"start":{"line":119,"column":8},"end":{"line":124,"column":9}},"type":"if","locations":[{"start":{"line":119,"column":8},"end":{"line":124,"column":9}},{"start":{},"end":{}}],"line":119},"11":{"loc":{"start":{"line":121,"column":12},"end":{"line":121,"column":44}},"type":"if","locations":[{"start":{"line":121,"column":12},"end":{"line":121,"column":44}},{"start":{},"end":{}}],"line":121},"12":{"loc":{"start":{"line":131,"column":12},"end":{"line":131,"column":44}},"type":"if","locations":[{"start":{"line":131,"column":12},"end":{"line":131,"column":44}},{"start":{},"end":{}}],"line":131},"13":{"loc":{"start":{"line":138,"column":18},"end":{"line":138,"column":50}},"type":"if","locations":[{"start":{"line":138,"column":18},"end":{"line":138,"column":50}},{"start":{},"end":{}}],"line":138}},"s":{"0":2,"1":2,"2":2,"3":0,"4":2,"5":1,"6":2,"7":1,"8":1,"9":1,"10":0,"11":1,"12":2,"13":1,"14":31,"15":31,"16":31,"17":31,"18":31,"19":0,"20":31,"21":1,"22":1,"23":1,"24":1,"25":0,"26":1,"27":0,"28":1,"29":3,"30":3,"31":1,"32":1,"33":0,"34":1,"35":1,"36":1,"37":0,"38":1,"39":3,"40":3,"41":0,"42":3,"43":2,"44":2,"45":0,"46":2,"47":4,"48":4,"49":4,"50":0,"51":4,"52":1,"53":4,"54":4,"55":3,"56":0,"57":3,"58":0,"59":3,"60":2,"61":0,"62":2},"f":{"0":2,"1":2,"2":2,"3":1,"4":1,"5":1,"6":1,"7":2,"8":31,"9":31,"10":31,"11":1,"12":1,"13":1,"14":3,"15":3,"16":1,"17":1,"18":3,"19":2,"20":4,"21":4,"22":4,"23":1,"24":4,"25":3,"26":0,"27":2,"28":0},"b":{"0":[0,2],"1":[0,1],"2":[0,31],"3":[0,1],"4":[0,1],"5":[1,2],"6":[0,1],"7":[1,0],"8":[0,1],"9":[0,3],"10":[2,1],"11":[0,2],"12":[0,4],"13":[0,3]},"_coverageSchema":"1a1c01bbd47fc00a2c39e90264f33305004495a9","hash":"7e9a03927b55dfda09794686348d2e8dc3d4dce7"}
}
