TN:
SF:src\app.ts
FNF:0
FNH:0
DA:11,5
DA:13,5
DA:16,5
DA:17,5
DA:18,5
DA:19,5
DA:20,5
LF:7
LH:7
BRF:0
BRH:0
end_of_record
TN:
SF:src\favoritt-router.ts
FN:11,(anonymous_0)
FN:13,(anonymous_1)
FN:14,(anonymous_2)
FN:18,(anonymous_3)
FN:21,(anonymous_4)
FN:22,(anonymous_5)
FN:32,(anonymous_6)
FN:35,(anonymous_7)
FN:36,(anonymous_8)
FNF:9
FNH:8
FNDA:1,(anonymous_0)
FNDA:1,(anonymous_1)
FNDA:0,(anonymous_2)
FNDA:3,(anonymous_3)
FNDA:1,(anonymous_4)
FNDA:2,(anonymous_5)
FNDA:2,(anonymous_6)
FNDA:1,(anonymous_7)
FNDA:1,(anonymous_8)
DA:8,5
DA:11,5
DA:12,1
DA:13,1
DA:14,0
DA:18,5
DA:19,3
DA:20,3
DA:21,1
DA:23,2
DA:24,1
DA:25,1
DA:26,1
DA:32,5
DA:33,2
DA:34,2
DA:35,1
DA:37,1
LF:18
LH:17
BRDA:23,0,0,1
BRDA:23,0,1,1
BRDA:25,1,0,1
BRDA:25,1,1,0
BRF:4
BRH:3
end_of_record
TN:
SF:src\favoritt-service.ts
FN:9,(anonymous_0)
FN:10,(anonymous_1)
FN:14,(anonymous_2)
FN:17,(anonymous_3)
FN:41,(anonymous_4)
FN:42,(anonymous_5)
FN:46,(anonymous_6)
FN:54,(anonymous_7)
FN:62,(anonymous_8)
FN:83,(anonymous_9)
FN:84,(anonymous_10)
FN:88,(anonymous_11)
FNF:12
FNH:12
FNDA:1,(anonymous_0)
FNDA:1,(anonymous_1)
FNDA:1,(anonymous_2)
FNDA:2,(anonymous_3)
FNDA:17,(anonymous_4)
FNDA:17,(anonymous_5)
FNDA:17,(anonymous_6)
FNDA:16,(anonymous_7)
FNDA:15,(anonymous_8)
FNDA:2,(anonymous_9)
FNDA:2,(anonymous_10)
FNDA:2,(anonymous_11)
DA:10,1
DA:11,1
DA:15,1
DA:17,1
DA:18,2
DA:23,1
DA:42,17
DA:43,17
DA:47,17
DA:48,17
DA:49,1
DA:51,16
DA:55,16
DA:56,16
DA:57,1
DA:59,15
DA:63,15
DA:64,0
DA:66,15
DA:84,2
DA:85,2
DA:89,2
DA:90,2
DA:92,2
DA:99,5
LF:25
LH:24
BRDA:15,0,0,0
BRDA:15,0,1,1
BRDA:47,1,0,0
BRDA:47,1,1,17
BRDA:48,2,0,1
BRDA:48,2,1,16
BRDA:55,3,0,0
BRDA:55,3,1,16
BRDA:56,4,0,1
BRDA:56,4,1,15
BRDA:63,5,0,0
BRDA:63,5,1,15
BRDA:89,6,0,0
BRDA:89,6,1,2
BRDA:90,7,0,1
BRDA:90,7,1,1
BRF:16
BRH:11
end_of_record
TN:
SF:src\mysql-pool.ts
FN:18,(anonymous_0)
FNF:1
FNH:1
FNDA:423,(anonymous_0)
DA:10,5
DA:19,423
LF:2
LH:2
BRDA:19,0,0,43
BRDA:19,0,1,380
BRDA:19,1,0,423
BRDA:19,1,1,43
BRF:4
BRH:4
end_of_record
TN:
SF:src\sporsmal-router.ts
FN:9,(anonymous_0)
FN:12,(anonymous_1)
FN:13,(anonymous_2)
FN:23,(anonymous_3)
FN:27,(anonymous_4)
FN:32,(anonymous_5)
FN:37,(anonymous_6)
FN:46,(anonymous_7)
FN:47,(anonymous_8)
FN:53,(anonymous_9)
FN:66,(anonymous_10)
FN:67,(anonymous_11)
FN:71,(anonymous_12)
FN:74,(anonymous_13)
FN:75,(anonymous_14)
FNF:15
FNH:10
FNDA:1,(anonymous_0)
FNDA:1,(anonymous_1)
FNDA:0,(anonymous_2)
FNDA:2,(anonymous_3)
FNDA:2,(anonymous_4)
FNDA:0,(anonymous_5)
FNDA:1,(anonymous_6)
FNDA:1,(anonymous_7)
FNDA:0,(anonymous_8)
FNDA:1,(anonymous_9)
FNDA:1,(anonymous_10)
FNDA:0,(anonymous_11)
FNDA:1,(anonymous_12)
FNDA:1,(anonymous_13)
FNDA:0,(anonymous_14)
DA:7,5
DA:9,5
DA:10,1
DA:12,1
DA:13,0
DA:23,5
DA:24,2
DA:25,2
DA:28,2
DA:32,0
DA:37,5
DA:38,1
DA:39,1
DA:40,1
DA:41,1
DA:42,1
DA:43,1
DA:44,1
DA:46,1
DA:48,0
DA:50,0
DA:53,5
DA:54,1
DA:55,1
DA:56,1
DA:64,1
DA:66,1
DA:67,0
DA:68,0
DA:71,5
DA:72,1
DA:74,1
DA:75,0
LF:33
LH:26
BRDA:28,0,0,1
BRDA:28,0,1,1
BRDA:43,1,0,1
BRDA:43,1,1,0
BRDA:43,2,0,1
BRDA:43,2,1,1
BRDA:43,2,2,1
BRDA:56,3,0,1
BRDA:56,3,1,0
BRDA:57,4,0,1
BRDA:57,4,1,1
BRDA:57,4,2,1
BRDA:57,4,3,1
BRDA:57,4,4,1
BRDA:57,4,5,1
BRF:15
BRH:13
end_of_record
TN:
SF:src\sporsmal-service.ts
FN:20,(anonymous_0)
FN:22,(anonymous_1)
FN:26,(anonymous_2)
FN:29,(anonymous_3)
FN:45,(anonymous_4)
FN:46,(anonymous_5)
FN:50,(anonymous_6)
FN:53,(anonymous_7)
FN:90,(anonymous_8)
FN:94,(anonymous_9)
FN:106,(anonymous_10)
FN:119,(anonymous_11)
FN:124,(anonymous_12)
FN:136,(anonymous_13)
FN:145,(anonymous_14)
FN:164,(anonymous_15)
FN:165,(anonymous_16)
FN:169,(anonymous_17)
FNF:18
FNH:17
FNDA:2,(anonymous_0)
FNDA:2,(anonymous_1)
FNDA:2,(anonymous_2)
FNDA:1,(anonymous_3)
FNDA:1,(anonymous_4)
FNDA:1,(anonymous_5)
FNDA:1,(anonymous_6)
FNDA:4,(anonymous_7)
FNDA:25,(anonymous_8)
FNDA:25,(anonymous_9)
FNDA:25,(anonymous_10)
FNDA:1,(anonymous_11)
FNDA:1,(anonymous_12)
FNDA:1,(anonymous_13)
FNDA:0,(anonymous_14)
FNDA:1,(anonymous_15)
FNDA:1,(anonymous_16)
FNDA:1,(anonymous_17)
DA:22,2
DA:23,2
DA:27,2
DA:29,2
DA:30,1
DA:37,2
DA:46,1
DA:47,1
DA:51,1
DA:53,1
DA:54,4
DA:61,1
DA:91,25
DA:92,25
DA:94,25
DA:95,25
DA:107,25
DA:108,0
DA:110,25
DA:120,1
DA:124,1
DA:126,1
DA:137,1
DA:138,1
DA:141,1
DA:142,0
DA:146,0
DA:147,0
DA:148,0
DA:153,1
DA:165,1
DA:166,1
DA:170,1
DA:171,1
DA:173,1
DA:175,1
DA:182,5
LF:37
LH:32
BRDA:27,0,0,0
BRDA:27,0,1,2
BRDA:51,1,0,0
BRDA:51,1,1,1
BRDA:107,2,0,0
BRDA:107,2,1,25
BRDA:120,3,0,0
BRDA:120,3,1,1
BRDA:137,4,0,0
BRDA:137,4,1,1
BRDA:138,5,0,0
BRDA:138,5,1,1
BRDA:141,6,0,0
BRDA:141,6,1,1
BRDA:146,7,0,0
BRDA:146,7,1,0
BRDA:147,8,0,0
BRDA:147,8,1,0
BRDA:170,9,0,0
BRDA:170,9,1,1
BRDA:171,10,0,0
BRDA:171,10,1,1
BRF:22
BRH:9
end_of_record
TN:
SF:src\sporsmalTag-router.ts
FN:12,(anonymous_0)
FN:16,(anonymous_1)
FN:17,(anonymous_2)
FN:20,(anonymous_3)
FN:24,(anonymous_4)
FN:25,(anonymous_5)
FN:30,(anonymous_6)
FN:34,(anonymous_7)
FN:35,(anonymous_8)
FN:49,(anonymous_9)
FN:54,(anonymous_10)
FN:55,(anonymous_11)
FNF:12
FNH:9
FNDA:1,(anonymous_0)
FNDA:1,(anonymous_1)
FNDA:0,(anonymous_2)
FNDA:1,(anonymous_3)
FNDA:1,(anonymous_4)
FNDA:0,(anonymous_5)
FNDA:2,(anonymous_6)
FNDA:1,(anonymous_7)
FNDA:1,(anonymous_8)
FNDA:1,(anonymous_9)
FNDA:1,(anonymous_10)
FNDA:0,(anonymous_11)
DA:9,5
DA:12,5
DA:13,1
DA:14,1
DA:16,1
DA:17,0
DA:20,5
DA:21,1
DA:22,1
DA:24,1
DA:25,0
DA:30,5
DA:31,2
DA:32,2
DA:34,1
DA:36,1
DA:37,0
DA:38,1
DA:39,1
DA:40,0
DA:41,0
DA:43,0
DA:49,5
DA:50,1
DA:51,1
DA:52,1
DA:54,1
DA:55,0
LF:28
LH:21
BRDA:36,0,0,0
BRDA:36,0,1,1
BRDA:38,1,0,1
BRDA:38,1,1,0
BRDA:40,2,0,0
BRDA:40,2,1,0
BRF:6
BRH:2
end_of_record
TN:
SF:src\sporsmalTag-service.ts
FN:15,(anonymous_0)
FN:17,(anonymous_1)
FN:18,(anonymous_2)
FN:21,(anonymous_3)
FN:34,(anonymous_4)
FN:36,(anonymous_5)
FN:37,(anonymous_6)
FN:40,(anonymous_7)
FN:56,(anonymous_8)
FN:57,(anonymous_9)
FN:59,(anonymous_10)
FN:66,(anonymous_11)
FN:70,(anonymous_12)
FN:76,(anonymous_13)
FN:90,(anonymous_14)
FN:91,(anonymous_15)
FN:92,(anonymous_16)
FNF:17
FNH:17
FNDA:1,(anonymous_0)
FNDA:1,(anonymous_1)
FNDA:1,(anonymous_2)
FNDA:3,(anonymous_3)
FNDA:1,(anonymous_4)
FNDA:1,(anonymous_5)
FNDA:1,(anonymous_6)
FNDA:1,(anonymous_7)
FNDA:17,(anonymous_8)
FNDA:17,(anonymous_9)
FNDA:17,(anonymous_10)
FNDA:17,(anonymous_11)
FNDA:17,(anonymous_12)
FNDA:17,(anonymous_13)
FNDA:1,(anonymous_14)
FNDA:1,(anonymous_15)
FNDA:1,(anonymous_16)
DA:17,1
DA:18,1
DA:19,1
DA:21,1
DA:22,3
DA:27,1
DA:36,1
DA:37,1
DA:38,1
DA:40,1
DA:41,1
DA:46,1
DA:57,17
DA:59,17
DA:60,17
DA:61,17
DA:66,17
DA:67,17
DA:68,17
DA:70,17
DA:71,17
DA:72,17
DA:76,17
DA:77,17
DA:78,0
DA:80,17
DA:91,1
DA:92,1
DA:93,1
DA:94,1
DA:96,1
DA:102,5
LF:32
LH:31
BRDA:19,0,0,0
BRDA:19,0,1,1
BRDA:38,1,0,0
BRDA:38,1,1,1
BRDA:60,2,0,0
BRDA:60,2,1,17
BRDA:61,3,0,0
BRDA:61,3,1,17
BRDA:67,4,0,0
BRDA:67,4,1,17
BRDA:68,5,0,1
BRDA:68,5,1,16
BRDA:71,6,0,0
BRDA:71,6,1,17
BRDA:72,7,0,1
BRDA:72,7,1,16
BRDA:77,8,0,0
BRDA:77,8,1,17
BRDA:93,9,0,0
BRDA:93,9,1,1
BRDA:94,10,0,0
BRDA:94,10,1,1
BRF:22
BRH:13
end_of_record
TN:
SF:src\svar-router.ts
FN:9,(anonymous_0)
FN:13,(anonymous_1)
FN:14,(anonymous_2)
FN:17,(anonymous_3)
FN:22,(anonymous_4)
FN:25,(anonymous_5)
FN:30,(anonymous_6)
FN:40,(anonymous_7)
FN:41,(anonymous_8)
FN:47,(anonymous_9)
FN:59,(anonymous_10)
FN:60,(anonymous_11)
FN:64,(anonymous_12)
FN:68,(anonymous_13)
FN:69,(anonymous_14)
FNF:15
FNH:10
FNDA:1,(anonymous_0)
FNDA:1,(anonymous_1)
FNDA:0,(anonymous_2)
FNDA:2,(anonymous_3)
FNDA:2,(anonymous_4)
FNDA:0,(anonymous_5)
FNDA:1,(anonymous_6)
FNDA:1,(anonymous_7)
FNDA:0,(anonymous_8)
FNDA:1,(anonymous_9)
FNDA:1,(anonymous_10)
FNDA:0,(anonymous_11)
FNDA:2,(anonymous_12)
FNDA:2,(anonymous_13)
FNDA:0,(anonymous_14)
DA:7,5
DA:9,5
DA:10,1
DA:11,1
DA:13,1
DA:14,0
DA:17,5
DA:18,2
DA:19,2
DA:20,2
DA:23,2
DA:25,0
DA:30,5
DA:31,1
DA:32,0
DA:33,1
DA:34,1
DA:35,1
DA:36,1
DA:37,1
DA:38,1
DA:40,1
DA:42,0
DA:44,0
DA:47,5
DA:48,1
DA:49,1
DA:50,1
DA:57,1
DA:59,1
DA:60,0
DA:61,0
DA:64,5
DA:65,2
DA:66,2
DA:68,2
DA:69,0
LF:37
LH:29
BRDA:23,0,0,1
BRDA:23,0,1,1
BRDA:31,1,0,0
BRDA:31,1,1,1
BRDA:37,2,0,1
BRDA:37,2,1,0
BRDA:37,3,0,1
BRDA:37,3,1,1
BRDA:37,3,2,1
BRDA:50,4,0,1
BRDA:50,4,1,0
BRDA:51,5,0,1
BRDA:51,5,1,1
BRDA:51,5,2,1
BRDA:51,5,3,1
BRDA:51,5,4,1
BRF:16
BRH:13
end_of_record
TN:
SF:src\svar-service.ts
FN:19,(anonymous_0)
FN:21,(anonymous_1)
FN:25,(anonymous_2)
FN:28,(anonymous_3)
FN:45,(anonymous_4)
FN:46,(anonymous_5)
FN:50,(anonymous_6)
FN:53,(anonymous_7)
FN:72,(anonymous_8)
FN:76,(anonymous_9)
FN:88,(anonymous_10)
FN:99,(anonymous_11)
FN:117,(anonymous_12)
FN:121,(anonymous_13)
FN:128,(anonymous_14)
FN:141,(anonymous_15)
FN:142,(anonymous_16)
FN:159,(anonymous_17)
FN:170,(anonymous_18)
FN:176,(anonymous_19)
FN:186,deleteComments
FN:187,(anonymous_21)
FN:192,(anonymous_22)
FN:195,(anonymous_23)
FN:199,(anonymous_24)
FN:204,(anonymous_25)
FN:210,(anonymous_26)
FN:217,(anonymous_27)
FN:222,(anonymous_28)
FN:228,(anonymous_29)
FN:242,(anonymous_30)
FNF:31
FNH:29
FNDA:2,(anonymous_0)
FNDA:2,(anonymous_1)
FNDA:2,(anonymous_2)
FNDA:1,(anonymous_3)
FNDA:1,(anonymous_4)
FNDA:1,(anonymous_5)
FNDA:1,(anonymous_6)
FNDA:2,(anonymous_7)
FNDA:31,(anonymous_8)
FNDA:31,(anonymous_9)
FNDA:31,(anonymous_10)
FNDA:31,(anonymous_11)
FNDA:1,(anonymous_12)
FNDA:1,(anonymous_13)
FNDA:1,(anonymous_14)
FNDA:3,(anonymous_15)
FNDA:3,(anonymous_16)
FNDA:1,(anonymous_17)
FNDA:3,(anonymous_18)
FNDA:2,(anonymous_19)
FNDA:4,deleteComments
FNDA:4,(anonymous_21)
FNDA:3,(anonymous_22)
FNDA:1,(anonymous_23)
FNDA:3,(anonymous_24)
FNDA:3,(anonymous_25)
FNDA:0,(anonymous_26)
FNDA:2,(anonymous_27)
FNDA:2,(anonymous_28)
FNDA:2,(anonymous_29)
FNDA:0,(anonymous_30)
DA:21,2
DA:22,2
DA:26,2
DA:28,2
DA:29,1
DA:36,2
DA:46,1
DA:47,1
DA:51,1
DA:53,1
DA:54,2
DA:61,1
DA:73,31
DA:74,31
DA:76,31
DA:77,31
DA:89,31
DA:90,0
DA:96,31
DA:100,31
DA:101,0
DA:103,31
DA:104,7
DA:108,31
DA:118,1
DA:121,1
DA:125,1
DA:129,1
DA:130,1
DA:132,1
DA:142,3
DA:155,3
DA:156,1
DA:160,1
DA:161,1
DA:167,3
DA:171,3
DA:172,3
DA:173,2
DA:177,2
DA:178,1
DA:187,4
DA:189,4
DA:193,3
DA:195,3
DA:196,1
DA:198,3
DA:201,3
DA:205,3
DA:206,3
DA:210,0
DA:216,3
DA:219,2
DA:223,2
DA:224,2
DA:225,2
DA:229,2
DA:230,1
DA:232,1
DA:233,0
DA:240,2
DA:242,0
DA:247,5
LF:63
LH:58
BRDA:26,0,0,0
BRDA:26,0,1,2
BRDA:51,1,0,0
BRDA:51,1,1,1
BRDA:89,2,0,0
BRDA:89,2,1,31
BRDA:100,3,0,0
BRDA:100,3,1,31
BRDA:103,4,0,7
BRDA:103,4,1,24
BRDA:118,5,0,0
BRDA:118,5,1,1
BRDA:129,6,0,0
BRDA:129,6,1,1
BRDA:130,7,0,0
BRDA:130,7,1,1
BRDA:155,8,0,1
BRDA:155,8,1,2
BRDA:160,9,0,0
BRDA:160,9,1,1
BRDA:171,10,0,0
BRDA:171,10,1,3
BRDA:172,11,0,2
BRDA:172,11,1,1
BRDA:177,12,0,1
BRDA:177,12,1,1
BRDA:193,13,0,0
BRDA:193,13,1,3
BRDA:205,14,0,0
BRDA:205,14,1,3
BRDA:223,15,0,0
BRDA:223,15,1,2
BRDA:224,16,0,2
BRDA:224,16,1,0
BRDA:229,17,0,1
BRDA:229,17,1,1
BRDA:232,18,0,0
BRDA:232,18,1,1
BRF:38
BRH:24
end_of_record
TN:
SF:src\tag-router.ts
FN:9,(anonymous_0)
FN:12,(anonymous_1)
FN:13,(anonymous_2)
FN:16,(anonymous_3)
FN:20,(anonymous_4)
FN:21,(anonymous_5)
FN:26,(anonymous_6)
FN:30,(anonymous_7)
FN:31,(anonymous_8)
FN:35,(anonymous_9)
FN:39,(anonymous_10)
FN:40,(anonymous_11)
FN:44,(anonymous_12)
FN:47,(anonymous_13)
FN:48,(anonymous_14)
FNF:15
FNH:10
FNDA:1,(anonymous_0)
FNDA:1,(anonymous_1)
FNDA:0,(anonymous_2)
FNDA:2,(anonymous_3)
FNDA:2,(anonymous_4)
FNDA:0,(anonymous_5)
FNDA:1,(anonymous_6)
FNDA:1,(anonymous_7)
FNDA:0,(anonymous_8)
FNDA:1,(anonymous_9)
FNDA:1,(anonymous_10)
FNDA:0,(anonymous_11)
FNDA:1,(anonymous_12)
FNDA:1,(anonymous_13)
FNDA:0,(anonymous_14)
DA:7,5
DA:9,5
DA:10,1
DA:12,1
DA:13,0
DA:16,5
DA:17,2
DA:18,2
DA:20,2
DA:21,0
DA:26,5
DA:27,1
DA:28,1
DA:30,1
DA:31,0
DA:35,5
DA:36,1
DA:37,1
DA:39,1
DA:40,0
DA:44,5
DA:45,1
DA:47,1
DA:48,0
LF:24
LH:19
BRDA:20,0,0,1
BRDA:20,0,1,1
BRF:2
BRH:2
end_of_record
TN:
SF:src\tag-service.ts
FN:14,(anonymous_0)
FN:16,(anonymous_1)
FN:17,(anonymous_2)
FN:20,(anonymous_3)
FN:33,(anonymous_4)
FN:34,(anonymous_5)
FN:35,(anonymous_6)
FN:38,(anonymous_7)
FN:54,(anonymous_8)
FN:55,(anonymous_9)
FN:56,(anonymous_10)
FN:68,(anonymous_11)
FN:69,(anonymous_12)
FN:71,(anonymous_13)
FN:85,(anonymous_14)
FN:86,(anonymous_15)
FN:87,(anonymous_16)
FNF:17
FNH:17
FNDA:2,(anonymous_0)
FNDA:2,(anonymous_1)
FNDA:2,(anonymous_2)
FNDA:1,(anonymous_3)
FNDA:1,(anonymous_4)
FNDA:1,(anonymous_5)
FNDA:1,(anonymous_6)
FNDA:4,(anonymous_7)
FNDA:25,(anonymous_8)
FNDA:25,(anonymous_9)
FNDA:25,(anonymous_10)
FNDA:1,(anonymous_11)
FNDA:1,(anonymous_12)
FNDA:1,(anonymous_13)
FNDA:1,(anonymous_14)
FNDA:1,(anonymous_15)
FNDA:1,(anonymous_16)
DA:16,2
DA:17,2
DA:18,2
DA:20,2
DA:21,1
DA:26,2
DA:34,1
DA:35,1
DA:36,1
DA:38,1
DA:39,4
DA:44,1
DA:55,25
DA:56,25
DA:57,25
DA:58,0
DA:60,25
DA:69,1
DA:71,1
DA:72,1
DA:73,1
DA:75,1
DA:86,1
DA:87,1
DA:88,1
DA:89,1
DA:91,1
DA:97,5
LF:28
LH:27
BRDA:18,0,0,0
BRDA:18,0,1,2
BRDA:36,1,0,0
BRDA:36,1,1,1
BRDA:57,2,0,0
BRDA:57,2,1,25
BRDA:72,3,0,0
BRDA:72,3,1,1
BRDA:73,4,0,0
BRDA:73,4,1,1
BRDA:88,5,0,0
BRDA:88,5,1,1
BRDA:89,6,0,0
BRDA:89,6,1,1
BRF:14
BRH:7
end_of_record
